{"meta": {"format": 3, "version": "7.13.5", "timestamp": "2026-04-29T11:24:16.981993", "branch_coverage": false, "show_contexts": false}, "files": {"src/__init__.py": {"executed_lines": [5, 6], "summary": {"covered_lines": 2, "num_statements": 2, "percent_covered": 100.0, "percent_covered_display": "100", "missing_lines": 0, "excluded_lines": 0, "percent_statements_covered": 100.0, "percent_statements_covered_display": "100"}, "missing_lines": [], "excluded_lines": [], "functions": {"": {"executed_lines": [5, 6], "summary": {"covered_lines": 2, "num_statements": 2, "percent_covered": 100.0, "percent_covered_display": "100", "missing_lines": 0, "excluded_lines": 0, "percent_statements_covered": 100.0, "percent_statements_covered_display": "100"}, "missing_lines": [], "excluded_lines": [], "start_line": 1}}, "classes": {"": {"executed_lines": [5, 6], "summary": {"covered_lines": 2, "num_statements": 2, "percent_covered": 100.0, "percent_covered_display": "100", "missing_lines": 0, "excluded_lines": 0, "percent_statements_covered": 100.0, "percent_statements_covered_display": "100"}, "missing_lines": [], "excluded_lines": [], "start_line": 1}}}, "src/adaptive_fireplace_learning.py": {"executed_lines": [12, 13, 14, 15, 16, 17, 18, 19, 21, 24, 25, 27, 28, 29, 30, 31, 32, 33, 34, 37, 38, 40, 41, 42, 43, 45, 47, 48, 59, 70, 71, 72, 75, 76, 79, 80, 81, 82, 85, 94, 95, 96, 98, 100, 101, 102, 103, 106, 107, 108, 109, 110, 112, 115, 116, 120, 127, 128, 134, 135, 137, 139, 141, 142, 143, 144, 145, 147, 154, 155, 157, 162, 176, 177, 180, 185, 190, 192, 204, 208, 210, 216, 217, 219, 221, 223, 231, 233, 235, 236, 245, 248, 251, 253, 256, 257, 258, 260, 269, 276, 277, 283, 286, 287, 290, 291, 294, 297, 300, 303, 304, 306, 308, 320, 323, 324, 326, 327, 330, 331, 333, 334, 336, 337, 340, 342, 344, 345, 351, 352, 354, 356, 357, 359, 360, 361, 362, 368, 369, 372, 373, 376, 384, 385, 387, 394, 437, 470, 521], "summary": {"covered_lines": 149, "num_statements": 203, "percent_covered": 73.39901477832512, "percent_covered_display": "73", "missing_lines": 54, "excluded_lines": 0, "percent_statements_covered": 73.39901477832512, "percent_statements_covered_display": "73"}, "missing_lines": [113, 117, 118, 130, 131, 159, 160, 225, 226, 227, 229, 249, 267, 400, 403, 404, 405, 406, 409, 414, 435, 439, 440, 442, 478, 480, 489, 491, 493, 495, 499, 510, 511, 512, 513, 516, 518, 523, 525, 526, 529, 535, 536, 537, 538, 539, 540, 541, 544, 545, 546, 547, 548, 550], "excluded_lines": [], "functions": {"FireplaceLearningState.__post_init__": {"executed_lines": [47, 48], "summary": {"covered_lines": 2, "num_statements": 2, "percent_covered": 100.0, "percent_covered_display": "100", "missing_lines": 0, "excluded_lines": 0, "percent_statements_covered": 100.0, "percent_statements_covered_display": "100"}, "missing_lines": [], "excluded_lines": [], "start_line": 45}, "AdaptiveFireplaceLearning.__init__": {"executed_lines": [71, 72, 75, 76, 79, 80, 81, 82, 85, 94, 95, 96], "summary": {"covered_lines": 12, "num_statements": 12, "percent_covered": 100.0, "percent_covered_display": "100", "missing_lines": 0, "excluded_lines": 0, "percent_statements_covered": 100.0, "percent_statements_covered_display": "100"}, "missing_lines": [], "excluded_lines": [], "start_line": 70}, "AdaptiveFireplaceLearning._load_state": {"executed_lines": [100, 101, 102, 103, 106, 107, 108, 109, 110, 112, 115, 116, 120, 127, 128, 134, 135], "summary": {"covered_lines": 17, "num_statements": 22, "percent_covered": 77.27272727272727, "percent_covered_display": "77", "missing_lines": 5, "excluded_lines": 0, "percent_statements_covered": 77.27272727272727, "percent_statements_covered_display": "77"}, "missing_lines": [113, 117, 118, 130, 131], "excluded_lines": [], "start_line": 98}, "AdaptiveFireplaceLearning._save_state": {"executed_lines": [139, 141, 142, 143, 144, 145, 147, 154, 155, 157], "summary": {"covered_lines": 10, "num_statements": 12, "percent_covered": 83.33333333333333, "percent_covered_display": "83", "missing_lines": 2, "excluded_lines": 0, "percent_statements_covered": 83.33333333333333, "percent_statements_covered_display": "83"}, "missing_lines": [159, 160], "excluded_lines": [], "start_line": 137}, "AdaptiveFireplaceLearning.observe_fireplace_state": {"executed_lines": [176, 177, 180, 185, 190, 192], "summary": {"covered_lines": 6, "num_statements": 6, "percent_covered": 100.0, "percent_covered_display": "100", "missing_lines": 0, "excluded_lines": 0, "percent_statements_covered": 100.0, "percent_statements_covered_display": "100"}, "missing_lines": [], "excluded_lines": [], "start_line": 162}, "AdaptiveFireplaceLearning._update_fireplace_session": {"executed_lines": [208, 210, 216, 217, 219, 221, 223, 231, 233, 235, 236, 245, 248, 251, 253, 256, 257, 258, 260], "summary": {"covered_lines": 19, "num_statements": 25, "percent_covered": 76.0, "percent_covered_display": "76", "missing_lines": 6, "excluded_lines": 0, "percent_statements_covered": 76.0, "percent_statements_covered_display": "76"}, "missing_lines": [225, 226, 227, 229, 249, 267], "excluded_lines": [], "start_line": 204}, "AdaptiveFireplaceLearning._calculate_learned_heat_contribution": {"executed_lines": [276, 277, 283, 286, 287, 290, 291, 294, 297, 300, 303, 304, 306, 308], "summary": {"covered_lines": 14, "num_statements": 14, "percent_covered": 100.0, "percent_covered_display": "100", "missing_lines": 0, "excluded_lines": 0, "percent_statements_covered": 100.0, "percent_statements_covered_display": "100"}, "missing_lines": [], "excluded_lines": [], "start_line": 269}, "AdaptiveFireplaceLearning._update_learning_coefficients": {"executed_lines": [323, 324, 326, 327, 330, 331, 333, 334, 336, 337, 340, 342, 344, 345, 351, 352, 354, 356, 357, 359, 360, 361, 362, 368, 369, 372, 373, 376, 384, 385, 387], "summary": {"covered_lines": 31, "num_statements": 31, "percent_covered": 100.0, "percent_covered_display": "100", "missing_lines": 0, "excluded_lines": 0, "percent_statements_covered": 100.0, "percent_statements_covered_display": "100"}, "missing_lines": [], "excluded_lines": [], "start_line": 320}, "AdaptiveFireplaceLearning.get_enhanced_fireplace_features": {"executed_lines": [], "summary": {"covered_lines": 0, "num_statements": 8, "percent_covered": 0.0, "percent_covered_display": "0", "missing_lines": 8, "excluded_lines": 0, "percent_statements_covered": 0.0, "percent_statements_covered_display": "0"}, "missing_lines": [400, 403, 404, 405, 406, 409, 414, 435], "excluded_lines": [], "start_line": 394}, "AdaptiveFireplaceLearning.get_learning_summary": {"executed_lines": [], "summary": {"covered_lines": 0, "num_statements": 3, "percent_covered": 0.0, "percent_covered_display": "0", "missing_lines": 3, "excluded_lines": 0, "percent_statements_covered": 0.0, "percent_statements_covered_display": "0"}, "missing_lines": [439, 440, 442], "excluded_lines": [], "start_line": 437}, "integrate_adaptive_fireplace_with_multi_source_physics": {"executed_lines": [], "summary": {"covered_lines": 0, "num_statements": 4, "percent_covered": 0.0, "percent_covered_display": "0", "missing_lines": 4, "excluded_lines": 0, "percent_statements_covered": 0.0, "percent_statements_covered_display": "0"}, "missing_lines": [478, 480, 516, 518], "excluded_lines": [], "start_line": 470}, "integrate_adaptive_fireplace_with_multi_source_physics.enhanced_fireplace_calculation": {"executed_lines": [], "summary": {"covered_lines": 0, "num_statements": 9, "percent_covered": 0.0, "percent_covered_display": "0", "missing_lines": 9, "excluded_lines": 0, "percent_statements_covered": 0.0, "percent_statements_covered_display": "0"}, "missing_lines": [489, 491, 493, 495, 499, 510, 511, 512, 513], "excluded_lines": [], "start_line": 480}, "": {"executed_lines": [12, 13, 14, 15, 16, 17, 18, 19, 21, 24, 25, 27, 28, 29, 30, 31, 32, 33, 34, 37, 38, 40, 41, 42, 43, 45, 59, 70, 98, 137, 162, 204, 269, 320, 394, 437, 470, 521], "summary": {"covered_lines": 38, "num_statements": 55, "percent_covered": 69.0909090909091, "percent_covered_display": "69", "missing_lines": 17, "excluded_lines": 0, "percent_statements_covered": 69.0909090909091, "percent_statements_covered_display": "69"}, "missing_lines": [523, 525, 526, 529, 535, 536, 537, 538, 539, 540, 541, 544, 545, 546, 547, 548, 550], "excluded_lines": [], "start_line": 1}}, "classes": {"FireplaceObservation": {"executed_lines": [], "summary": {"covered_lines": 0, "num_statements": 0, "percent_covered": 100.0, "percent_covered_display": "100", "missing_lines": 0, "excluded_lines": 0, "percent_statements_covered": 100.0, "percent_statements_covered_display": "100"}, "missing_lines": [], "excluded_lines": [], "start_line": 25}, "FireplaceLearningState": {"executed_lines": [47, 48], "summary": {"covered_lines": 2, "num_statements": 2, "percent_covered": 100.0, "percent_covered_display": "100", "missing_lines": 0, "excluded_lines": 0, "percent_statements_covered": 100.0, "percent_statements_covered_display": "100"}, "missing_lines": [], "excluded_lines": [], "start_line": 38}, "AdaptiveFireplaceLearning": {"executed_lines": [71, 72, 75, 76, 79, 80, 81, 82, 85, 94, 95, 96, 100, 101, 102, 103, 106, 107, 108, 109, 110, 112, 115, 116, 120, 127, 128, 134, 135, 139, 141, 142, 143, 144, 145, 147, 154, 155, 157, 176, 177, 180, 185, 190, 192, 208, 210, 216, 217, 219, 221, 223, 231, 233, 235, 236, 245, 248, 251, 253, 256, 257, 258, 260, 276, 277, 283, 286, 287, 290, 291, 294, 297, 300, 303, 304, 306, 308, 323, 324, 326, 327, 330, 331, 333, 334, 336, 337, 340, 342, 344, 345, 351, 352, 354, 356, 357, 359, 360, 361, 362, 368, 369, 372, 373, 376, 384, 385, 387], "summary": {"covered_lines": 109, "num_statements": 133, "percent_covered": 81.95488721804512, "percent_covered_display": "82", "missing_lines": 24, "excluded_lines": 0, "percent_statements_covered": 81.95488721804512, "percent_statements_covered_display": "82"}, "missing_lines": [113, 117, 118, 130, 131, 159, 160, 225, 226, 227, 229, 249, 267, 400, 403, 404, 405, 406, 409, 414, 435, 439, 440, 442], "excluded_lines": [], "start_line": 59}, "": {"executed_lines": [12, 13, 14, 15, 16, 17, 18, 19, 21, 24, 25, 27, 28, 29, 30, 31, 32, 33, 34, 37, 38, 40, 41, 42, 43, 45, 59, 70, 98, 137, 162, 204, 269, 320, 394, 437, 470, 521], "summary": {"covered_lines": 38, "num_statements": 68, "percent_covered": 55.88235294117647, "percent_covered_display": "56", "missing_lines": 30, "excluded_lines": 0, "percent_statements_covered": 55.88235294117647, "percent_statements_covered_display": "56"}, "missing_lines": [478, 480, 489, 491, 493, 495, 499, 510, 511, 512, 513, 516, 518, 523, 525, 526, 529, 535, 536, 537, 538, 539, 540, 541, 544, 545, 546, 547, 548, 550], "excluded_lines": [], "start_line": 1}}}, "src/adaptive_learning_metrics_schema.py": {"executed_lines": [8, 9, 10, 13, 130, 140, 142, 153, 154, 155, 156, 158, 161, 162, 163, 165, 168, 169, 170, 171, 172, 173, 175, 176, 177, 178, 179, 180, 182, 183, 184, 185, 187, 189, 191, 193, 195, 197, 198, 199, 201, 202, 203, 204, 206, 210], "summary": {"covered_lines": 46, "num_statements": 59, "percent_covered": 77.96610169491525, "percent_covered_display": "78", "missing_lines": 13, "excluded_lines": 0, "percent_statements_covered": 77.96610169491525, "percent_statements_covered_display": "78"}, "missing_lines": [211, 214, 215, 216, 217, 220, 229, 230, 233, 238, 239, 242, 244], "excluded_lines": [], "functions": {"get_schema_for_measurement": {"executed_lines": [140], "summary": {"covered_lines": 1, "num_statements": 1, "percent_covered": 100.0, "percent_covered_display": "100", "missing_lines": 0, "excluded_lines": 0, "percent_statements_covered": 100.0, "percent_statements_covered_display": "100"}, "missing_lines": [], "excluded_lines": [], "start_line": 130}, "validate_metrics_data": {"executed_lines": [153, 154, 155, 156, 158, 161, 162, 163, 165, 168, 169, 170, 171, 172, 173, 175, 176, 177, 178, 179, 180, 182, 183, 184, 185, 187], "summary": {"covered_lines": 26, "num_statements": 26, "percent_covered": 100.0, "percent_covered_display": "100", "missing_lines": 0, "excluded_lines": 0, "percent_statements_covered": 100.0, "percent_statements_covered_display": "100"}, "missing_lines": [], "excluded_lines": [], "start_line": 142}, "get_all_measurement_names": {"executed_lines": [191], "summary": {"covered_lines": 1, "num_statements": 1, "percent_covered": 100.0, "percent_covered_display": "100", "missing_lines": 0, "excluded_lines": 0, "percent_statements_covered": 100.0, "percent_statements_covered_display": "100"}, "missing_lines": [], "excluded_lines": [], "start_line": 189}, "get_schema_summary": {"executed_lines": [195, 197, 198, 199, 201, 202, 203, 204, 206], "summary": {"covered_lines": 9, "num_statements": 9, "percent_covered": 100.0, "percent_covered_display": "100", "missing_lines": 0, "excluded_lines": 0, "percent_statements_covered": 100.0, "percent_statements_covered_display": "100"}, "missing_lines": [], "excluded_lines": [], "start_line": 193}, "": {"executed_lines": [8, 9, 10, 13, 130, 142, 189, 193, 210], "summary": {"covered_lines": 9, "num_statements": 22, "percent_covered": 40.90909090909091, "percent_covered_display": "41", "missing_lines": 13, "excluded_lines": 0, "percent_statements_covered": 40.90909090909091, "percent_statements_covered_display": "41"}, "missing_lines": [211, 214, 215, 216, 217, 220, 229, 230, 233, 238, 239, 242, 244], "excluded_lines": [], "start_line": 1}}, "classes": {"": {"executed_lines": [8, 9, 10, 13, 130, 140, 142, 153, 154, 155, 156, 158, 161, 162, 163, 165, 168, 169, 170, 171, 172, 173, 175, 176, 177, 178, 179, 180, 182, 183, 184, 185, 187, 189, 191, 193, 195, 197, 198, 199, 201, 202, 203, 204, 206, 210], "summary": {"covered_lines": 46, "num_statements": 59, "percent_covered": 77.96610169491525, "percent_covered_display": "78", "missing_lines": 13, "excluded_lines": 0, "percent_statements_covered": 77.96610169491525, "percent_statements_covered_display": "78"}, "missing_lines": [211, 214, 215, 216, 217, 220, 229, 230, 233, 238, 239, 242, 244], "excluded_lines": [], "start_line": 1}}}, "src/analysis/__init__.py": {"executed_lines": [], "summary": {"covered_lines": 0, "num_statements": 4, "percent_covered": 0.0, "percent_covered_display": "0", "missing_lines": 4, "excluded_lines": 0, "percent_statements_covered": 0.0, "percent_statements_covered_display": "0"}, "missing_lines": [8, 9, 10, 12], "excluded_lines": [], "functions": {"": {"executed_lines": [], "summary": {"covered_lines": 0, "num_statements": 4, "percent_covered": 0.0, "percent_covered_display": "0", "missing_lines": 4, "excluded_lines": 0, "percent_statements_covered": 0.0, "percent_statements_covered_display": "0"}, "missing_lines": [8, 9, 10, 12], "excluded_lines": [], "start_line": 1}}, "classes": {"": {"executed_lines": [], "summary": {"covered_lines": 0, "num_statements": 4, "percent_covered": 0.0, "percent_covered_display": "0", "missing_lines": 4, "excluded_lines": 0, "percent_statements_covered": 0.0, "percent_statements_covered_display": "0"}, "missing_lines": [8, 9, 10, 12], "excluded_lines": [], "start_line": 1}}}, "src/analysis/data_loader.py": {"executed_lines": [], "summary": {"covered_lines": 0, "num_statements": 34, "percent_covered": 0.0, "percent_covered_display": "0", "missing_lines": 34, "excluded_lines": 0, "percent_statements_covered": 0.0, "percent_statements_covered_display": "0"}, "missing_lines": [6, 7, 8, 10, 11, 14, 20, 30, 31, 32, 33, 35, 53, 55, 59, 60, 65, 69, 72, 73, 74, 76, 77, 78, 79, 82, 83, 84, 85, 88, 89, 97, 103, 105], "excluded_lines": [], "functions": {"DataLoader.__init__": {"executed_lines": [], "summary": {"covered_lines": 0, "num_statements": 4, "percent_covered": 0.0, "percent_covered_display": "0", "missing_lines": 4, "excluded_lines": 0, "percent_statements_covered": 0.0, "percent_statements_covered_display": "0"}, "missing_lines": [30, 31, 32, 33], "excluded_lines": [], "start_line": 20}, "DataLoader.fetch_training_data": {"executed_lines": [], "summary": {"covered_lines": 0, "num_statements": 20, "percent_covered": 0.0, "percent_covered_display": "0", "missing_lines": 20, "excluded_lines": 0, "percent_statements_covered": 0.0, "percent_statements_covered_display": "0"}, "missing_lines": [53, 55, 59, 60, 65, 69, 72, 73, 74, 76, 77, 78, 79, 82, 83, 84, 85, 88, 89, 97], "excluded_lines": [], "start_line": 35}, "DataLoader.close": {"executed_lines": [], "summary": {"covered_lines": 0, "num_statements": 1, "percent_covered": 0.0, "percent_covered_display": "0", "missing_lines": 1, "excluded_lines": 0, "percent_statements_covered": 0.0, "percent_statements_covered_display": "0"}, "missing_lines": [105], "excluded_lines": [], "start_line": 103}, "": {"executed_lines": [], "summary": {"covered_lines": 0, "num_statements": 9, "percent_covered": 0.0, "percent_covered_display": "0", "missing_lines": 9, "excluded_lines": 0, "percent_statements_covered": 0.0, "percent_statements_covered_display": "0"}, "missing_lines": [6, 7, 8, 10, 11, 14, 20, 35, 103], "excluded_lines": [], "start_line": 1}}, "classes": {"DataLoader": {"executed_lines": [], "summary": {"covered_lines": 0, "num_statements": 25, "percent_covered": 0.0, "percent_covered_display": "0", "missing_lines": 25, "excluded_lines": 0, "percent_statements_covered": 0.0, "percent_statements_covered_display": "0"}, "missing_lines": [30, 31, 32, 33, 53, 55, 59, 60, 65, 69, 72, 73, 74, 76, 77, 78, 79, 82, 83, 84, 85, 88, 89, 97, 105], "excluded_lines": [], "start_line": 14}, "": {"executed_lines": [], "summary": {"covered_lines": 0, "num_statements": 9, "percent_covered": 0.0, "percent_covered_display": "0", "missing_lines": 9, "excluded_lines": 0, "percent_statements_covered": 0.0, "percent_statements_covered_display": "0"}, "missing_lines": [6, 7, 8, 10, 11, 14, 20, 35, 103], "excluded_lines": [], "start_line": 1}}}, "src/analysis/model_utils.py": {"executed_lines": [], "summary": {"covered_lines": 0, "num_statements": 53, "percent_covered": 0.0, "percent_covered_display": "0", "missing_lines": 53, "excluded_lines": 0, "percent_statements_covered": 0.0, "percent_statements_covered_display": "0"}, "missing_lines": [6, 9, 20, 22, 23, 26, 27, 30, 31, 32, 33, 34, 36, 37, 40, 43, 44, 46, 47, 48, 49, 50, 52, 53, 56, 58, 59, 60, 63, 73, 75, 76, 78, 79, 82, 83, 85, 86, 88, 89, 90, 91, 94, 95, 96, 97, 98, 100, 101, 104, 106, 107, 109], "excluded_lines": [], "functions": {"safe_get_regressor": {"executed_lines": [], "summary": {"covered_lines": 0, "num_statements": 26, "percent_covered": 0.0, "percent_covered_display": "0", "missing_lines": 26, "excluded_lines": 0, "percent_statements_covered": 0.0, "percent_statements_covered_display": "0"}, "missing_lines": [20, 22, 23, 26, 27, 30, 31, 32, 33, 34, 36, 37, 40, 43, 44, 46, 47, 48, 49, 50, 52, 53, 56, 58, 59, 60], "excluded_lines": [], "start_line": 9}, "get_model_info": {"executed_lines": [], "summary": {"covered_lines": 0, "num_statements": 24, "percent_covered": 0.0, "percent_covered_display": "0", "missing_lines": 24, "excluded_lines": 0, "percent_statements_covered": 0.0, "percent_statements_covered_display": "0"}, "missing_lines": [73, 75, 76, 78, 79, 82, 83, 85, 86, 88, 89, 90, 91, 94, 95, 96, 97, 98, 100, 101, 104, 106, 107, 109], "excluded_lines": [], "start_line": 63}, "": {"executed_lines": [], "summary": {"covered_lines": 0, "num_statements": 3, "percent_covered": 0.0, "percent_covered_display": "0", "missing_lines": 3, "excluded_lines": 0, "percent_statements_covered": 0.0, "percent_statements_covered_display": "0"}, "missing_lines": [6, 9, 63], "excluded_lines": [], "start_line": 1}}, "classes": {"": {"executed_lines": [], "summary": {"covered_lines": 0, "num_statements": 53, "percent_covered": 0.0, "percent_covered_display": "0", "missing_lines": 53, "excluded_lines": 0, "percent_statements_covered": 0.0, "percent_statements_covered_display": "0"}, "missing_lines": [6, 9, 20, 22, 23, 26, 27, 30, 31, 32, 33, 34, 36, 37, 40, 43, 44, 46, 47, 48, 49, 50, 52, 53, 56, 58, 59, 60, 63, 73, 75, 76, 78, 79, 82, 83, 85, 86, 88, 89, 90, 91, 94, 95, 96, 97, 98, 100, 101, 104, 106, 107, 109], "excluded_lines": [], "start_line": 1}}}, "src/analysis/plotting.py": {"executed_lines": [], "summary": {"covered_lines": 0, "num_statements": 11, "percent_covered": 0.0, "percent_covered_display": "0", "missing_lines": 11, "excluded_lines": 0, "percent_statements_covered": 0.0, "percent_statements_covered_display": "0"}, "missing_lines": [5, 6, 7, 10, 30, 33, 34, 43, 44, 52, 61], "excluded_lines": [], "functions": {"plot_prediction_vs_actual": {"executed_lines": [], "summary": {"covered_lines": 0, "num_statements": 7, "percent_covered": 0.0, "percent_covered_display": "0", "missing_lines": 7, "excluded_lines": 0, "percent_statements_covered": 0.0, "percent_statements_covered_display": "0"}, "missing_lines": [30, 33, 34, 43, 44, 52, 61], "excluded_lines": [], "start_line": 10}, "": {"executed_lines": [], "summary": {"covered_lines": 0, "num_statements": 4, "percent_covered": 0.0, "percent_covered_display": "0", "missing_lines": 4, "excluded_lines": 0, "percent_statements_covered": 0.0, "percent_statements_covered_display": "0"}, "missing_lines": [5, 6, 7, 10], "excluded_lines": [], "start_line": 1}}, "classes": {"": {"executed_lines": [], "summary": {"covered_lines": 0, "num_statements": 11, "percent_covered": 0.0, "percent_covered_display": "0", "missing_lines": 11, "excluded_lines": 0, "percent_statements_covered": 0.0, "percent_statements_covered_display": "0"}, "missing_lines": [5, 6, 7, 10, 30, 33, 34, 43, 44, 52, 61], "excluded_lines": [], "start_line": 1}}}, "src/config.py": {"executed_lines": [21, 22, 25, 32, 37, 44, 47, 55, 60, 61, 65, 66, 69, 73, 74, 75, 76, 78, 83, 86, 90, 100, 101, 103, 107, 111, 123, 127, 130, 133, 136, 139, 142, 146, 152, 159, 162, 165, 169, 177, 180, 183, 186, 189, 192, 195, 200, 205, 208, 211, 214, 217, 223, 227, 230, 234, 239, 244, 250, 253, 259, 268, 269, 270, 275, 277, 281, 290, 295, 315, 316, 317, 318, 319, 326, 329, 332, 335, 339, 345, 351, 359, 360, 366, 369, 370, 371, 376, 379, 382, 387, 397, 404, 416, 417, 418, 422, 425, 428, 431, 434, 440, 443, 444, 445, 446, 452, 455, 458, 461, 464, 467, 473, 476, 479, 485, 493, 497, 500, 504, 506, 508, 510, 511, 513, 517, 519, 521, 529, 533, 538, 539, 548, 549, 551, 555, 560, 561, 562, 563, 564, 565, 566, 569, 570, 571, 572, 573, 576, 577, 578, 579, 582, 583, 584, 585, 591, 594, 603, 608, 614, 622, 623, 624, 625, 626, 627, 628, 629, 632, 638, 640, 641, 642, 645, 647, 649, 650], "summary": {"covered_lines": 178, "num_statements": 181, "percent_covered": 98.34254143646409, "percent_covered_display": "98", "missing_lines": 3, "excluded_lines": 0, "percent_statements_covered": 98.34254143646409, "percent_statements_covered_display": "98"}, "missing_lines": [56, 57, 63], "excluded_lines": [], "functions": {"_is_addon_environment": {"executed_lines": [37], "summary": {"covered_lines": 1, "num_statements": 1, "percent_covered": 100.0, "percent_covered_display": "100", "missing_lines": 0, "excluded_lines": 0, "percent_statements_covered": 100.0, "percent_statements_covered_display": "100"}, "missing_lines": [], "excluded_lines": [], "start_line": 32}, "_is_notebook_environment": {"executed_lines": [47], "summary": {"covered_lines": 1, "num_statements": 1, "percent_covered": 100.0, "percent_covered_display": "100", "missing_lines": 0, "excluded_lines": 0, "percent_statements_covered": 100.0, "percent_statements_covered_display": "100"}, "missing_lines": [], "excluded_lines": [], "start_line": 44}, "get_climate_mode": {"executed_lines": [622, 623, 624, 625, 626, 627, 628, 629], "summary": {"covered_lines": 8, "num_statements": 8, "percent_covered": 100.0, "percent_covered_display": "100", "missing_lines": 0, "excluded_lines": 0, "percent_statements_covered": 100.0, "percent_statements_covered_display": "100"}, "missing_lines": [], "excluded_lines": [], "start_line": 614}, "get_outlet_bounds": {"executed_lines": [638, 640, 641, 642], "summary": {"covered_lines": 4, "num_statements": 4, "percent_covered": 100.0, "percent_covered_display": "100", "missing_lines": 0, "excluded_lines": 0, "percent_statements_covered": 100.0, "percent_statements_covered_display": "100"}, "missing_lines": [], "excluded_lines": [], "start_line": 632}, "get_fallback_outlet": {"executed_lines": [647, 649, 650], "summary": {"covered_lines": 3, "num_statements": 3, "percent_covered": 100.0, "percent_covered_display": "100", "missing_lines": 0, "excluded_lines": 0, "percent_statements_covered": 100.0, "percent_statements_covered_display": "100"}, "missing_lines": [], "excluded_lines": [], "start_line": 645}, "": {"executed_lines": [21, 22, 25, 32, 44, 55, 60, 61, 65, 66, 69, 73, 74, 75, 76, 78, 83, 86, 90, 100, 101, 103, 107, 111, 123, 127, 130, 133, 136, 139, 142, 146, 152, 159, 162, 165, 169, 177, 180, 183, 186, 189, 192, 195, 200, 205, 208, 211, 214, 217, 223, 227, 230, 234, 239, 244, 250, 253, 259, 268, 269, 270, 275, 277, 281, 290, 295, 315, 316, 317, 318, 319, 326, 329, 332, 335, 339, 345, 351, 359, 360, 366, 369, 370, 371, 376, 379, 382, 387, 397, 404, 416, 417, 418, 422, 425, 428, 431, 434, 440, 443, 444, 445, 446, 452, 455, 458, 461, 464, 467, 473, 476, 479, 485, 493, 497, 500, 504, 506, 508, 510, 511, 513, 517, 519, 521, 529, 533, 538, 539, 548, 549, 551, 555, 560, 561, 562, 563, 564, 565, 566, 569, 570, 571, 572, 573, 576, 577, 578, 579, 582, 583, 584, 585, 591, 594, 603, 608, 614, 632, 645], "summary": {"covered_lines": 161, "num_statements": 164, "percent_covered": 98.17073170731707, "percent_covered_display": "98", "missing_lines": 3, "excluded_lines": 0, "percent_statements_covered": 98.17073170731707, "percent_statements_covered_display": "98"}, "missing_lines": [56, 57, 63], "excluded_lines": [], "start_line": 1}}, "classes": {"": {"executed_lines": [21, 22, 25, 32, 37, 44, 47, 55, 60, 61, 65, 66, 69, 73, 74, 75, 76, 78, 83, 86, 90, 100, 101, 103, 107, 111, 123, 127, 130, 133, 136, 139, 142, 146, 152, 159, 162, 165, 169, 177, 180, 183, 186, 189, 192, 195, 200, 205, 208, 211, 214, 217, 223, 227, 230, 234, 239, 244, 250, 253, 259, 268, 269, 270, 275, 277, 281, 290, 295, 315, 316, 317, 318, 319, 326, 329, 332, 335, 339, 345, 351, 359, 360, 366, 369, 370, 371, 376, 379, 382, 387, 397, 404, 416, 417, 418, 422, 425, 428, 431, 434, 440, 443, 444, 445, 446, 452, 455, 458, 461, 464, 467, 473, 476, 479, 485, 493, 497, 500, 504, 506, 508, 510, 511, 513, 517, 519, 521, 529, 533, 538, 539, 548, 549, 551, 555, 560, 561, 562, 563, 564, 565, 566, 569, 570, 571, 572, 573, 576, 577, 578, 579, 582, 583, 584, 585, 591, 594, 603, 608, 614, 622, 623, 624, 625, 626, 627, 628, 629, 632, 638, 640, 641, 642, 645, 647, 649, 650], "summary": {"covered_lines": 178, "num_statements": 181, "percent_covered": 98.34254143646409, "percent_covered_display": "98", "missing_lines": 3, "excluded_lines": 0, "percent_statements_covered": 98.34254143646409, "percent_statements_covered_display": "98"}, "missing_lines": [56, 57, 63], "excluded_lines": [], "start_line": 1}}}, "src/forecast_analytics.py": {"executed_lines": [7, 8, 9, 12, 13, 18, 29, 39, 40, 43, 44, 47, 50, 51, 52, 53, 56, 57, 58, 59, 62, 64, 73, 78, 81, 99, 107, 111, 113, 115, 118, 121, 122, 124, 127, 133, 136, 137, 138, 140, 142, 149, 152, 166, 167, 173, 174, 177, 178, 180, 181, 182, 200, 201, 203, 204, 205, 206, 210, 215, 218, 234, 241, 244, 247, 248, 250, 251, 254, 256, 257, 259, 265, 272, 277], "summary": {"covered_lines": 75, "num_statements": 92, "percent_covered": 81.52173913043478, "percent_covered_display": "82", "missing_lines": 17, "excluded_lines": 0, "percent_statements_covered": 81.52173913043478, "percent_statements_covered_display": "82"}, "missing_lines": [14, 15, 108, 184, 185, 187, 188, 191, 192, 193, 194, 196, 197, 208, 242, 262, 263], "excluded_lines": [], "functions": {"analyze_forecast_quality": {"executed_lines": [29, 39, 40, 43, 44, 47, 50, 51, 52, 53, 56, 57, 58, 59, 62, 64, 73, 78], "summary": {"covered_lines": 18, "num_statements": 18, "percent_covered": 100.0, "percent_covered_display": "100", "missing_lines": 0, "excluded_lines": 0, "percent_statements_covered": 100.0, "percent_statements_covered_display": "100"}, "missing_lines": [], "excluded_lines": [], "start_line": 18}, "calculate_thermal_forecast_impact": {"executed_lines": [99, 107, 111, 113, 115, 118, 121, 122, 124, 127, 133, 136, 137, 138, 140, 142, 149], "summary": {"covered_lines": 17, "num_statements": 18, "percent_covered": 94.44444444444444, "percent_covered_display": "94", "missing_lines": 1, "excluded_lines": 0, "percent_statements_covered": 94.44444444444444, "percent_statements_covered_display": "94"}, "missing_lines": [108], "excluded_lines": [], "start_line": 81}, "get_forecast_fallback_strategy": {"executed_lines": [166, 167, 173, 174, 177, 178, 180, 181, 182, 200, 201, 203, 204, 205, 206, 210, 215], "summary": {"covered_lines": 17, "num_statements": 28, "percent_covered": 60.714285714285715, "percent_covered_display": "61", "missing_lines": 11, "excluded_lines": 0, "percent_statements_covered": 60.714285714285715, "percent_statements_covered_display": "61"}, "missing_lines": [184, 185, 187, 188, 191, 192, 193, 194, 196, 197, 208], "excluded_lines": [], "start_line": 152}, "calculate_forecast_accuracy_metrics": {"executed_lines": [234, 241, 244, 247, 248, 250, 251, 254, 256, 257, 259, 265, 272, 277], "summary": {"covered_lines": 14, "num_statements": 17, "percent_covered": 82.3529411764706, "percent_covered_display": "82", "missing_lines": 3, "excluded_lines": 0, "percent_statements_covered": 82.3529411764706, "percent_statements_covered_display": "82"}, "missing_lines": [242, 262, 263], "excluded_lines": [], "start_line": 218}, "": {"executed_lines": [7, 8, 9, 12, 13, 18, 81, 152, 218], "summary": {"covered_lines": 9, "num_statements": 11, "percent_covered": 81.81818181818181, "percent_covered_display": "82", "missing_lines": 2, "excluded_lines": 0, "percent_statements_covered": 81.81818181818181, "percent_statements_covered_display": "82"}, "missing_lines": [14, 15], "excluded_lines": [], "start_line": 1}}, "classes": {"": {"executed_lines": [7, 8, 9, 12, 13, 18, 29, 39, 40, 43, 44, 47, 50, 51, 52, 53, 56, 57, 58, 59, 62, 64, 73, 78, 81, 99, 107, 111, 113, 115, 118, 121, 122, 124, 127, 133, 136, 137, 138, 140, 142, 149, 152, 166, 167, 173, 174, 177, 178, 180, 181, 182, 200, 201, 203, 204, 205, 206, 210, 215, 218, 234, 241, 244, 247, 248, 250, 251, 254, 256, 257, 259, 265, 272, 277], "summary": {"covered_lines": 75, "num_statements": 92, "percent_covered": 81.52173913043478, "percent_covered_display": "82", "missing_lines": 17, "excluded_lines": 0, "percent_statements_covered": 81.52173913043478, "percent_statements_covered_display": "82"}, "missing_lines": [14, 15, 108, 184, 185, 187, 188, 191, 192, 193, 194, 196, 197, 208, 242, 262, 263], "excluded_lines": [], "start_line": 1}}}, "src/ha_client.py": {"executed_lines": [9, 10, 11, 12, 14, 15, 18, 19, 20, 32, 39, 40, 41, 42, 43, 44, 45, 46, 47, 48, 49, 50, 52, 55, 58, 67, 68, 73, 87, 88, 89, 90, 92, 97, 120, 132, 134, 137, 138, 141, 144, 145, 149, 164, 165, 167, 168, 175, 176, 181, 182, 190, 191, 197, 199, 221, 225, 228, 229, 231, 234, 235, 238, 246, 247, 252, 253, 254, 258, 268, 269, 270, 271, 273, 274, 281, 282, 283, 284, 287, 289, 290, 295, 296, 297, 298, 302, 303, 304, 306, 316, 317, 318, 319, 321, 322, 329, 330, 337, 338, 343, 344, 345, 347, 352, 355, 356, 363, 365, 381, 382, 384, 386, 390, 395, 402, 403, 405, 406, 407, 408, 410, 412, 415, 416, 417, 419, 432, 436, 440, 444, 446, 449, 451, 453, 460, 475, 476, 480, 486, 487, 488, 496, 497, 498, 505, 519, 520, 524, 528, 532, 538, 539, 567, 568, 578, 579, 580, 583, 588, 589, 597, 598, 608, 609, 617, 618, 627, 628, 636, 639, 650, 651, 658, 660, 662, 663, 665, 668, 670, 674, 675, 676, 677, 680, 684, 686, 714, 739, 761, 762, 764, 769, 772, 773, 776, 777, 778, 781, 782, 783, 784, 785, 786, 787, 790, 805, 809, 811, 814, 899, 902, 905, 906, 908, 910, 913, 914, 915, 916, 917, 921, 924, 931], "summary": {"covered_lines": 224, "num_statements": 290, "percent_covered": 77.24137931034483, "percent_covered_display": "77", "missing_lines": 66, "excluded_lines": 0, "percent_statements_covered": 77.24137931034483, "percent_statements_covered_display": "77"}, "missing_lines": [24, 25, 26, 51, 93, 94, 95, 122, 123, 124, 125, 126, 127, 128, 129, 135, 139, 142, 146, 147, 177, 178, 179, 183, 187, 192, 195, 291, 292, 331, 332, 335, 339, 340, 353, 387, 388, 391, 394, 396, 400, 411, 433, 664, 666, 678, 694, 698, 699, 702, 703, 704, 707, 711, 712, 718, 722, 723, 732, 770, 779, 780, 900, 903, 909, 911], "excluded_lines": [], "functions": {"_sanitize_for_json": {"executed_lines": [39, 40, 41, 42, 43, 44, 45, 46, 47, 48, 49, 50, 52], "summary": {"covered_lines": 13, "num_statements": 14, "percent_covered": 92.85714285714286, "percent_covered_display": "93", "missing_lines": 1, "excluded_lines": 0, "percent_statements_covered": 92.85714285714286, "percent_statements_covered_display": "93"}, "missing_lines": [51], "excluded_lines": [], "start_line": 32}, "HAClient.__init__": {"executed_lines": [67, 68], "summary": {"covered_lines": 2, "num_statements": 2, "percent_covered": 100.0, "percent_covered_display": "100", "missing_lines": 0, "excluded_lines": 0, "percent_statements_covered": 100.0, "percent_statements_covered_display": "100"}, "missing_lines": [], "excluded_lines": [], "start_line": 58}, "HAClient.get_all_states": {"executed_lines": [87, 88, 89, 90, 92], "summary": {"covered_lines": 5, "num_statements": 8, "percent_covered": 62.5, "percent_covered_display": "62", "missing_lines": 3, "excluded_lines": 0, "percent_statements_covered": 62.5, "percent_statements_covered_display": "62"}, "missing_lines": [93, 94, 95], "excluded_lines": [], "start_line": 73}, "HAClient.get_state": {"executed_lines": [120, 132, 134, 137, 138, 141, 144, 145], "summary": {"covered_lines": 8, "num_statements": 21, "percent_covered": 38.095238095238095, "percent_covered_display": "38", "missing_lines": 13, "excluded_lines": 0, "percent_statements_covered": 38.095238095238095, "percent_statements_covered_display": "38"}, "missing_lines": [122, 123, 124, 125, 126, 127, 128, 129, 135, 139, 142, 146, 147], "excluded_lines": [], "start_line": 97}, "HAClient.call_tibber_get_prices": {"executed_lines": [164, 165, 167, 168, 175, 176, 181, 182, 190, 191, 197], "summary": {"covered_lines": 11, "num_statements": 18, "percent_covered": 61.111111111111114, "percent_covered_display": "61", "missing_lines": 7, "excluded_lines": 0, "percent_statements_covered": 61.111111111111114, "percent_statements_covered_display": "61"}, "missing_lines": [177, 178, 179, 183, 187, 192, 195], "excluded_lines": [], "start_line": 149}, "HAClient.set_state": {"executed_lines": [221, 225, 228, 229, 231, 234, 235, 238, 246, 247, 252, 253, 254], "summary": {"covered_lines": 13, "num_statements": 13, "percent_covered": 100.0, "percent_covered_display": "100", "missing_lines": 0, "excluded_lines": 0, "percent_statements_covered": 100.0, "percent_statements_covered_display": "100"}, "missing_lines": [], "excluded_lines": [], "start_line": 199}, "HAClient.get_hourly_forecast": {"executed_lines": [268, 269, 270, 271, 273, 274, 281, 282, 283, 284, 287, 289, 290, 295, 296, 297, 298, 302, 303, 304], "summary": {"covered_lines": 20, "num_statements": 22, "percent_covered": 90.9090909090909, "percent_covered_display": "91", "missing_lines": 2, "excluded_lines": 0, "percent_statements_covered": 90.9090909090909, "percent_statements_covered_display": "91"}, "missing_lines": [291, 292], "excluded_lines": [], "start_line": 258}, "HAClient.get_hourly_cloud_cover": {"executed_lines": [316, 317, 318, 319, 321, 322, 329, 330, 337, 338, 343, 344, 345, 347, 352, 355, 356, 363], "summary": {"covered_lines": 18, "num_statements": 24, "percent_covered": 75.0, "percent_covered_display": "75", "missing_lines": 6, "excluded_lines": 0, "percent_statements_covered": 75.0, "percent_statements_covered_display": "75"}, "missing_lines": [331, 332, 335, 339, 340, 353], "excluded_lines": [], "start_line": 306}, "HAClient.get_calibrated_hourly_forecast": {"executed_lines": [381, 382, 384, 386, 390, 395, 402, 403, 405, 406, 407, 408, 410, 412, 415, 416, 417], "summary": {"covered_lines": 17, "num_statements": 24, "percent_covered": 70.83333333333333, "percent_covered_display": "71", "missing_lines": 7, "excluded_lines": 0, "percent_statements_covered": 70.83333333333333, "percent_statements_covered_display": "71"}, "missing_lines": [387, 388, 391, 394, 396, 400, 411], "excluded_lines": [], "start_line": 365}, "HAClient.log_feature_importance": {"executed_lines": [432, 436, 440, 444, 446, 449, 451, 453], "summary": {"covered_lines": 8, "num_statements": 9, "percent_covered": 88.88888888888889, "percent_covered_display": "89", "missing_lines": 1, "excluded_lines": 0, "percent_statements_covered": 88.88888888888889, "percent_statements_covered_display": "89"}, "missing_lines": [433], "excluded_lines": [], "start_line": 419}, "HAClient.log_model_metrics": {"executed_lines": [475, 476, 480, 486, 487, 488, 496, 497, 498], "summary": {"covered_lines": 9, "num_statements": 9, "percent_covered": 100.0, "percent_covered_display": "100", "missing_lines": 0, "excluded_lines": 0, "percent_statements_covered": 100.0, "percent_statements_covered_display": "100"}, "missing_lines": [], "excluded_lines": [], "start_line": 460}, "HAClient.log_adaptive_learning_metrics": {"executed_lines": [519, 520, 524, 528, 532, 538, 539, 567, 568, 578, 579, 580, 583, 588, 589, 597, 598, 608, 609, 617, 618, 627, 628, 636, 639, 650, 651, 658], "summary": {"covered_lines": 28, "num_statements": 28, "percent_covered": 100.0, "percent_covered_display": "100", "missing_lines": 0, "excluded_lines": 0, "percent_statements_covered": 100.0, "percent_statements_covered_display": "100"}, "missing_lines": [], "excluded_lines": [], "start_line": 505}, "HAClient._get_mae_trend": {"executed_lines": [662, 663, 665, 668], "summary": {"covered_lines": 4, "num_statements": 6, "percent_covered": 66.66666666666667, "percent_covered_display": "67", "missing_lines": 2, "excluded_lines": 0, "percent_statements_covered": 66.66666666666667, "percent_statements_covered_display": "67"}, "missing_lines": [664, 666], "excluded_lines": [], "start_line": 660}, "HAClient._calculate_std_error": {"executed_lines": [674, 675, 676, 677], "summary": {"covered_lines": 4, "num_statements": 5, "percent_covered": 80.0, "percent_covered_display": "80", "missing_lines": 1, "excluded_lines": 0, "percent_statements_covered": 80.0, "percent_statements_covered_display": "80"}, "missing_lines": [678], "excluded_lines": [], "start_line": 670}, "HAClient._calculate_mean_bias": {"executed_lines": [684], "summary": {"covered_lines": 1, "num_statements": 1, "percent_covered": 100.0, "percent_covered_display": "100", "missing_lines": 0, "excluded_lines": 0, "percent_statements_covered": 100.0, "percent_statements_covered_display": "100"}, "missing_lines": [], "excluded_lines": [], "start_line": 680}, "HAClient.publish_last_run_features": {"executed_lines": [], "summary": {"covered_lines": 0, "num_statements": 9, "percent_covered": 0.0, "percent_covered_display": "0", "missing_lines": 9, "excluded_lines": 0, "percent_statements_covered": 0.0, "percent_statements_covered_display": "0"}, "missing_lines": [694, 698, 699, 702, 703, 704, 707, 711, 712], "excluded_lines": [], "start_line": 686}, "HAClient.publish_price_level": {"executed_lines": [], "summary": {"covered_lines": 0, "num_statements": 4, "percent_covered": 0.0, "percent_covered_display": "0", "missing_lines": 4, "excluded_lines": 0, "percent_statements_covered": 0.0, "percent_statements_covered_display": "0"}, "missing_lines": [718, 722, 723, 732], "excluded_lines": [], "start_line": 714}, "HAClient.get_history_bulk": {"executed_lines": [761, 762, 764, 769, 772, 773, 776, 777, 778, 781, 782, 783, 784, 785, 786, 787], "summary": {"covered_lines": 16, "num_statements": 19, "percent_covered": 84.21052631578948, "percent_covered_display": "84", "missing_lines": 3, "excluded_lines": 0, "percent_statements_covered": 84.21052631578948, "percent_statements_covered_display": "84"}, "missing_lines": [770, 779, 780], "excluded_lines": [], "start_line": 739}, "get_sensor_attributes": {"executed_lines": [805, 809, 811, 814, 899, 902, 905, 906, 908, 910, 913, 914, 915, 916, 917, 921], "summary": {"covered_lines": 16, "num_statements": 18, "percent_covered": 88.88888888888889, "percent_covered_display": "89", "missing_lines": 2, "excluded_lines": 0, "percent_statements_covered": 88.88888888888889, "percent_statements_covered_display": "89"}, "missing_lines": [909, 911], "excluded_lines": [], "start_line": 790}, "get_sensor_attributes._default_unique_id": {"executed_lines": [], "summary": {"covered_lines": 0, "num_statements": 1, "percent_covered": 0.0, "percent_covered_display": "0", "missing_lines": 1, "excluded_lines": 0, "percent_statements_covered": 0.0, "percent_statements_covered_display": "0"}, "missing_lines": [900], "excluded_lines": [], "start_line": 899}, "get_sensor_attributes._default_friendly_name": {"executed_lines": [], "summary": {"covered_lines": 0, "num_statements": 1, "percent_covered": 0.0, "percent_covered_display": "0", "missing_lines": 1, "excluded_lines": 0, "percent_statements_covered": 0.0, "percent_statements_covered_display": "0"}, "missing_lines": [903], "excluded_lines": [], "start_line": 902}, "create_ha_client": {"executed_lines": [931], "summary": {"covered_lines": 1, "num_statements": 1, "percent_covered": 100.0, "percent_covered_display": "100", "missing_lines": 0, "excluded_lines": 0, "percent_statements_covered": 100.0, "percent_statements_covered_display": "100"}, "missing_lines": [], "excluded_lines": [], "start_line": 924}, "": {"executed_lines": [9, 10, 11, 12, 14, 15, 18, 19, 20, 32, 55, 58, 73, 97, 149, 199, 258, 306, 365, 419, 460, 505, 660, 670, 680, 686, 714, 739, 790, 924], "summary": {"covered_lines": 30, "num_statements": 33, "percent_covered": 90.9090909090909, "percent_covered_display": "91", "missing_lines": 3, "excluded_lines": 0, "percent_statements_covered": 90.9090909090909, "percent_statements_covered_display": "91"}, "missing_lines": [24, 25, 26], "excluded_lines": [], "start_line": 1}}, "classes": {"HAClient": {"executed_lines": [67, 68, 87, 88, 89, 90, 92, 120, 132, 134, 137, 138, 141, 144, 145, 164, 165, 167, 168, 175, 176, 181, 182, 190, 191, 197, 221, 225, 228, 229, 231, 234, 235, 238, 246, 247, 252, 253, 254, 268, 269, 270, 271, 273, 274, 281, 282, 283, 284, 287, 289, 290, 295, 296, 297, 298, 302, 303, 304, 316, 317, 318, 319, 321, 322, 329, 330, 337, 338, 343, 344, 345, 347, 352, 355, 356, 363, 381, 382, 384, 386, 390, 395, 402, 403, 405, 406, 407, 408, 410, 412, 415, 416, 417, 432, 436, 440, 444, 446, 449, 451, 453, 475, 476, 480, 486, 487, 488, 496, 497, 498, 519, 520, 524, 528, 532, 538, 539, 567, 568, 578, 579, 580, 583, 588, 589, 597, 598, 608, 609, 617, 618, 627, 628, 636, 639, 650, 651, 658, 662, 663, 665, 668, 674, 675, 676, 677, 684, 761, 762, 764, 769, 772, 773, 776, 777, 778, 781, 782, 783, 784, 785, 786, 787], "summary": {"covered_lines": 164, "num_statements": 222, "percent_covered": 73.87387387387388, "percent_covered_display": "74", "missing_lines": 58, "excluded_lines": 0, "percent_statements_covered": 73.87387387387388, "percent_statements_covered_display": "74"}, "missing_lines": [93, 94, 95, 122, 123, 124, 125, 126, 127, 128, 129, 135, 139, 142, 146, 147, 177, 178, 179, 183, 187, 192, 195, 291, 292, 331, 332, 335, 339, 340, 353, 387, 388, 391, 394, 396, 400, 411, 433, 664, 666, 678, 694, 698, 699, 702, 703, 704, 707, 711, 712, 718, 722, 723, 732, 770, 779, 780], "excluded_lines": [], "start_line": 55}, "": {"executed_lines": [9, 10, 11, 12, 14, 15, 18, 19, 20, 32, 39, 40, 41, 42, 43, 44, 45, 46, 47, 48, 49, 50, 52, 55, 58, 73, 97, 149, 199, 258, 306, 365, 419, 460, 505, 660, 670, 680, 686, 714, 739, 790, 805, 809, 811, 814, 899, 902, 905, 906, 908, 910, 913, 914, 915, 916, 917, 921, 924, 931], "summary": {"covered_lines": 60, "num_statements": 68, "percent_covered": 88.23529411764706, "percent_covered_display": "88", "missing_lines": 8, "excluded_lines": 0, "percent_statements_covered": 88.23529411764706, "percent_statements_covered_display": "88"}, "missing_lines": [24, 25, 26, 51, 900, 903, 909, 911], "excluded_lines": [], "start_line": 1}}}, "src/ha_history_service.py": {"executed_lines": [13, 14, 15, 17, 18, 20, 21, 22, 27, 34, 69, 72, 73, 79, 81, 82, 83, 84, 85, 86, 94, 108, 110, 114, 116, 117, 120, 121, 127, 153, 157, 158, 160, 161, 163, 164, 165, 167, 168, 169, 170, 171, 172, 174, 175, 181, 182, 183, 185, 186, 188, 189, 190, 191, 193, 197, 198, 199, 202, 203, 204, 205, 207, 208, 209, 212, 213, 215, 221, 244, 248, 249, 251, 252, 254, 260, 261, 265, 267, 268, 273, 274, 279, 285], "summary": {"covered_lines": 84, "num_statements": 112, "percent_covered": 75.0, "percent_covered_display": "75", "missing_lines": 28, "excluded_lines": 0, "percent_statements_covered": 75.0, "percent_statements_covered_display": "75"}, "missing_lines": [23, 24, 25, 41, 59, 60, 61, 63, 87, 88, 109, 111, 154, 162, 173, 176, 177, 178, 179, 180, 194, 245, 246, 262, 263, 269, 270, 275], "excluded_lines": [], "functions": {"_build_entity_map": {"executed_lines": [], "summary": {"covered_lines": 0, "num_statements": 5, "percent_covered": 0.0, "percent_covered_display": "0", "missing_lines": 5, "excluded_lines": 0, "percent_statements_covered": 0.0, "percent_statements_covered_display": "0"}, "missing_lines": [41, 59, 60, 61, 63], "excluded_lines": [], "start_line": 34}, "_is_binary_entity": {"executed_lines": [73], "summary": {"covered_lines": 1, "num_statements": 1, "percent_covered": 100.0, "percent_covered_display": "100", "missing_lines": 0, "excluded_lines": 0, "percent_statements_covered": 100.0, "percent_statements_covered_display": "100"}, "missing_lines": [], "excluded_lines": [], "start_line": 72}, "_parse_state_value": {"executed_lines": [81, 82, 83, 84, 85, 86], "summary": {"covered_lines": 6, "num_statements": 8, "percent_covered": 75.0, "percent_covered_display": "75", "missing_lines": 2, "excluded_lines": 0, "percent_statements_covered": 75.0, "percent_statements_covered_display": "75"}, "missing_lines": [87, 88], "excluded_lines": [], "start_line": 79}, "compute_cloud_proxy": {"executed_lines": [108, 110, 114, 116, 117, 120, 121], "summary": {"covered_lines": 7, "num_statements": 9, "percent_covered": 77.77777777777777, "percent_covered_display": "78", "missing_lines": 2, "excluded_lines": 0, "percent_statements_covered": 77.77777777777777, "percent_statements_covered_display": "78"}, "missing_lines": [109, 111], "excluded_lines": [], "start_line": 94}, "_ha_history_to_dataframe": {"executed_lines": [153, 157, 158, 160, 161, 163, 164, 165, 167, 168, 169, 170, 171, 172, 174, 175, 181, 182, 183, 185, 186, 188, 189, 190, 191, 193, 197, 198, 199, 202, 203, 204, 205, 207, 208, 209, 212, 213, 215], "summary": {"covered_lines": 39, "num_statements": 48, "percent_covered": 81.25, "percent_covered_display": "81", "missing_lines": 9, "excluded_lines": 0, "percent_statements_covered": 81.25, "percent_statements_covered_display": "81"}, "missing_lines": [154, 162, 173, 176, 177, 178, 179, 180, 194], "excluded_lines": [], "start_line": 127}, "get_training_data_from_ha": {"executed_lines": [244, 248, 249, 251, 252, 254, 260, 261, 265, 267, 268, 273, 274, 279, 285], "summary": {"covered_lines": 15, "num_statements": 22, "percent_covered": 68.18181818181819, "percent_covered_display": "68", "missing_lines": 7, "excluded_lines": 0, "percent_statements_covered": 68.18181818181819, "percent_statements_covered_display": "68"}, "missing_lines": [245, 246, 262, 263, 269, 270, 275], "excluded_lines": [], "start_line": 221}, "": {"executed_lines": [13, 14, 15, 17, 18, 20, 21, 22, 27, 34, 69, 72, 79, 94, 127, 221], "summary": {"covered_lines": 16, "num_statements": 19, "percent_covered": 84.21052631578948, "percent_covered_display": "84", "missing_lines": 3, "excluded_lines": 0, "percent_statements_covered": 84.21052631578948, "percent_statements_covered_display": "84"}, "missing_lines": [23, 24, 25], "excluded_lines": [], "start_line": 1}}, "classes": {"": {"executed_lines": [13, 14, 15, 17, 18, 20, 21, 22, 27, 34, 69, 72, 73, 79, 81, 82, 83, 84, 85, 86, 94, 108, 110, 114, 116, 117, 120, 121, 127, 153, 157, 158, 160, 161, 163, 164, 165, 167, 168, 169, 170, 171, 172, 174, 175, 181, 182, 183, 185, 186, 188, 189, 190, 191, 193, 197, 198, 199, 202, 203, 204, 205, 207, 208, 209, 212, 213, 215, 221, 244, 248, 249, 251, 252, 254, 260, 261, 265, 267, 268, 273, 274, 279, 285], "summary": {"covered_lines": 84, "num_statements": 112, "percent_covered": 75.0, "percent_covered_display": "75", "missing_lines": 28, "excluded_lines": 0, "percent_statements_covered": 75.0, "percent_statements_covered_display": "75"}, "missing_lines": [23, 24, 25, 41, 59, 60, 61, 63, 87, 88, 109, 111, 154, 162, 173, 176, 177, 178, 179, 180, 194, 245, 246, 262, 263, 269, 270, 275], "excluded_lines": [], "start_line": 1}}}, "src/heat_source_channels.py": {"executed_lines": [20, 21, 22, 23, 25, 26, 30, 31, 35, 36, 40, 41, 45, 48, 50, 53, 55, 58, 60, 63, 65, 66, 71, 75, 76, 79, 82, 84, 85, 87, 89, 94, 95, 98, 99, 102, 103, 104, 108, 111, 116, 117, 118, 121, 122, 123, 124, 126, 127, 128, 130, 131, 132, 134, 135, 136, 137, 140, 141, 142, 143, 144, 145, 148, 157, 158, 159, 160, 161, 162, 163, 164, 165, 166, 168, 169, 172, 176, 177, 178, 179, 180, 183, 184, 185, 189, 190, 191, 193, 198, 201, 203, 206, 207, 213, 216, 227, 228, 229, 230, 232, 233, 236, 237, 242, 243, 246, 248, 250, 251, 256, 258, 259, 265, 266, 269, 270, 271, 272, 273, 275, 276, 278, 288, 295, 303, 304, 305, 308, 316, 317, 318, 321, 324, 327, 330, 332, 333, 334, 335, 336, 337, 339, 352, 353, 361, 364, 365, 366, 371, 372, 373, 378, 379, 380, 385, 386, 387, 392, 393, 394, 400, 401, 402, 403, 409, 410, 411, 412, 414, 419, 425, 432, 433, 446, 456, 460, 461, 462, 463, 466, 471, 475, 476, 477, 478, 479, 481, 483, 484, 485, 486, 489, 490, 495, 499, 500, 501, 502, 503, 504, 505, 509, 510, 517, 520, 521, 522, 527, 528, 529, 534, 535, 536, 541, 542, 543, 549, 558, 559, 560, 561, 562, 564, 569, 570, 571, 572, 573, 578, 579, 585, 586, 587, 588, 589, 591, 592, 593, 594, 596, 597, 598, 599, 600, 602, 603, 604, 608, 614, 615, 616, 617, 618, 619, 620, 621, 624, 626, 632, 636, 638, 641, 642, 645, 646, 658, 670, 671, 672, 675, 678, 682, 683, 684, 685, 686, 688, 691, 692, 693, 697, 698, 702, 703, 709, 712, 713, 714, 715, 718, 725, 734, 735, 736, 738, 739, 740, 742, 743, 746, 749, 750, 758, 765, 766, 767, 769, 770, 771, 772, 773, 775, 780, 781, 783, 786, 787, 788, 789, 791, 792, 793, 794, 795, 797, 798, 799, 806, 815, 816, 826, 827, 832, 833, 835, 837, 838, 839, 842, 845, 848, 851, 855, 856, 857, 860, 864, 865, 866, 869, 872, 876, 877, 878, 883, 886, 889, 893, 895, 896, 897, 898, 899, 915, 917, 922, 924, 925, 926, 927, 928, 929, 931, 948, 949, 952, 953, 954, 955, 958, 961, 963, 974, 975, 976, 981, 983, 994, 996, 1000, 1001, 1002, 1005, 1006, 1007, 1016, 1023, 1040, 1041, 1042, 1043, 1044, 1050, 1051, 1052, 1053, 1055, 1056, 1057, 1058, 1059, 1060, 1061, 1062, 1064, 1074, 1075, 1076, 1077, 1079, 1080, 1081, 1082, 1083, 1084, 1088, 1098, 1099, 1100, 1102, 1103, 1107, 1108, 1109, 1111, 1112, 1116, 1117, 1118, 1121, 1123, 1124, 1126, 1127, 1137, 1138, 1145, 1154, 1155, 1158, 1160, 1161, 1162, 1163, 1172, 1173, 1182, 1192, 1197, 1198, 1201, 1203, 1204, 1205, 1206, 1207, 1208, 1209, 1213, 1222, 1223, 1225, 1228, 1265, 1266, 1271, 1272, 1273, 1281, 1291, 1292, 1295, 1297, 1305, 1306, 1307, 1308, 1309, 1310, 1311, 1312, 1323, 1331, 1332, 1333, 1334, 1337, 1338, 1339, 1341, 1343, 1348, 1350, 1352, 1353, 1363, 1369, 1373, 1383, 1394, 1395, 1396, 1397, 1400, 1405, 1406, 1407, 1408, 1410, 1412, 1414, 1415, 1416, 1417, 1418, 1419, 1421, 1422, 1423, 1428, 1429, 1430, 1431, 1432, 1434, 1443, 1445, 1446, 1449], "summary": {"covered_lines": 540, "num_statements": 594, "percent_covered": 90.9090909090909, "percent_covered_display": "91", "missing_lines": 54, "excluded_lines": 0, "percent_statements_covered": 90.9090909090909, "percent_statements_covered_display": "91"}, "missing_lines": [27, 28, 32, 33, 37, 38, 42, 43, 67, 68, 77, 78, 86, 88, 90, 91, 181, 186, 187, 267, 342, 343, 344, 345, 346, 349, 350, 404, 407, 565, 566, 583, 719, 720, 721, 778, 1003, 1085, 1086, 1183, 1214, 1215, 1216, 1226, 1229, 1230, 1231, 1238, 1248, 1258, 1259, 1263, 1398, 1447], "excluded_lines": [], "functions": {"_get_min_records_for_learning": {"executed_lines": [50], "summary": {"covered_lines": 1, "num_statements": 1, "percent_covered": 100.0, "percent_covered_display": "100", "missing_lines": 0, "excluded_lines": 0, "percent_statements_covered": 100.0, "percent_statements_covered_display": "100"}, "missing_lines": [], "excluded_lines": [], "start_line": 48}, "_get_channel_learning_rate": {"executed_lines": [55], "summary": {"covered_lines": 1, "num_statements": 1, "percent_covered": 100.0, "percent_covered_display": "100", "missing_lines": 0, "excluded_lines": 0, "percent_statements_covered": 100.0, "percent_statements_covered_display": "100"}, "missing_lines": [], "excluded_lines": [], "start_line": 53}, "_get_learning_dead_zone": {"executed_lines": [60], "summary": {"covered_lines": 1, "num_statements": 1, "percent_covered": 100.0, "percent_covered_display": "100", "missing_lines": 0, "excluded_lines": 0, "percent_statements_covered": 100.0, "percent_statements_covered_display": "100"}, "missing_lines": [], "excluded_lines": [], "start_line": 58}, "_get_parameter_default": {"executed_lines": [65, 66], "summary": {"covered_lines": 2, "num_statements": 4, "percent_covered": 50.0, "percent_covered_display": "50", "missing_lines": 2, "excluded_lines": 0, "percent_statements_covered": 50.0, "percent_statements_covered_display": "50"}, "missing_lines": [67, 68], "excluded_lines": [], "start_line": 63}, "_clip_to_parameter_bounds": {"executed_lines": [75, 76, 79], "summary": {"covered_lines": 3, "num_statements": 5, "percent_covered": 60.0, "percent_covered_display": "60", "missing_lines": 2, "excluded_lines": 0, "percent_statements_covered": 60.0, "percent_statements_covered_display": "60"}, "missing_lines": [77, 78], "excluded_lines": [], "start_line": 71}, "_to_float": {"executed_lines": [84, 85, 87, 89], "summary": {"covered_lines": 4, "num_statements": 8, "percent_covered": 50.0, "percent_covered_display": "50", "missing_lines": 4, "excluded_lines": 0, "percent_statements_covered": 50.0, "percent_statements_covered_display": "50"}, "missing_lines": [86, 88, 90, 91], "excluded_lines": [], "start_line": 82}, "_is_fireplace_active": {"executed_lines": [95], "summary": {"covered_lines": 1, "num_statements": 1, "percent_covered": 100.0, "percent_covered_display": "100", "missing_lines": 0, "excluded_lines": 0, "percent_statements_covered": 100.0, "percent_statements_covered_display": "100"}, "missing_lines": [], "excluded_lines": [], "start_line": 94}, "_is_tv_active": {"executed_lines": [99], "summary": {"covered_lines": 1, "num_statements": 1, "percent_covered": 100.0, "percent_covered_display": "100", "missing_lines": 0, "excluded_lines": 0, "percent_statements_covered": 100.0, "percent_statements_covered_display": "100"}, "missing_lines": [], "excluded_lines": [], "start_line": 98}, "_get_pv_power": {"executed_lines": [103, 104, 108], "summary": {"covered_lines": 3, "num_statements": 3, "percent_covered": 100.0, "percent_covered_display": "100", "missing_lines": 0, "excluded_lines": 0, "percent_statements_covered": 100.0, "percent_statements_covered_display": "100"}, "missing_lines": [], "excluded_lines": [], "start_line": 102}, "_is_pv_active": {"executed_lines": [116, 117, 118], "summary": {"covered_lines": 3, "num_statements": 3, "percent_covered": 100.0, "percent_covered_display": "100", "missing_lines": 0, "excluded_lines": 0, "percent_statements_covered": 100.0, "percent_statements_covered_display": "100"}, "missing_lines": [], "excluded_lines": [], "start_line": 111}, "_is_heat_pump_active": {"executed_lines": [122, 123, 124, 126, 127, 128, 130, 131, 132, 134, 135, 136, 137], "summary": {"covered_lines": 13, "num_statements": 13, "percent_covered": 100.0, "percent_covered_display": "100", "missing_lines": 0, "excluded_lines": 0, "percent_statements_covered": 100.0, "percent_statements_covered_display": "100"}, "missing_lines": [], "excluded_lines": [], "start_line": 121}, "_average_recent_error": {"executed_lines": [141, 142, 143, 144, 145], "summary": {"covered_lines": 5, "num_statements": 5, "percent_covered": 100.0, "percent_covered_display": "100", "missing_lines": 0, "excluded_lines": 0, "percent_statements_covered": 100.0, "percent_statements_covered_display": "100"}, "missing_lines": [], "excluded_lines": [], "start_line": 140}, "_average_recent_raw_error": {"executed_lines": [157, 158, 159, 160, 161, 162, 163, 164, 165, 166, 168, 169], "summary": {"covered_lines": 12, "num_statements": 12, "percent_covered": 100.0, "percent_covered_display": "100", "missing_lines": 0, "excluded_lines": 0, "percent_statements_covered": 100.0, "percent_statements_covered_display": "100"}, "missing_lines": [], "excluded_lines": [], "start_line": 148}, "_snapshot_parameter_changes": {"executed_lines": [176, 177, 178, 179, 180, 183, 184, 185, 189, 190, 191, 193, 198], "summary": {"covered_lines": 13, "num_statements": 16, "percent_covered": 81.25, "percent_covered_display": "81", "missing_lines": 3, "excluded_lines": 0, "percent_statements_covered": 81.25, "percent_statements_covered_display": "81"}, "missing_lines": [181, 186, 187], "excluded_lines": [], "start_line": 172}, "_format_logged_value": {"executed_lines": [203], "summary": {"covered_lines": 1, "num_statements": 1, "percent_covered": 100.0, "percent_covered_display": "100", "missing_lines": 0, "excluded_lines": 0, "percent_statements_covered": 100.0, "percent_statements_covered_display": "100"}, "missing_lines": [], "excluded_lines": [], "start_line": 201}, "_get_channel_log_prefix": {"executed_lines": [207, 213], "summary": {"covered_lines": 2, "num_statements": 2, "percent_covered": 100.0, "percent_covered_display": "100", "missing_lines": 0, "excluded_lines": 0, "percent_statements_covered": 100.0, "percent_statements_covered_display": "100"}, "missing_lines": [], "excluded_lines": [], "start_line": 206}, "HeatSourceChannel.__init__": {"executed_lines": [228, 229, 230], "summary": {"covered_lines": 3, "num_statements": 3, "percent_covered": 100.0, "percent_covered_display": "100", "missing_lines": 0, "excluded_lines": 0, "percent_statements_covered": 100.0, "percent_statements_covered_display": "100"}, "missing_lines": [], "excluded_lines": [], "start_line": 227}, "HeatSourceChannel.estimate_heat_contribution": {"executed_lines": [], "summary": {"covered_lines": 0, "num_statements": 0, "percent_covered": 100.0, "percent_covered_display": "100", "missing_lines": 0, "excluded_lines": 0, "percent_statements_covered": 100.0, "percent_statements_covered_display": "100"}, "missing_lines": [], "excluded_lines": [], "start_line": 233}, "HeatSourceChannel.estimate_decay_contribution": {"executed_lines": [], "summary": {"covered_lines": 0, "num_statements": 0, "percent_covered": 100.0, "percent_covered_display": "100", "missing_lines": 0, "excluded_lines": 0, "percent_statements_covered": 100.0, "percent_statements_covered_display": "100"}, "missing_lines": [], "excluded_lines": [], "start_line": 237}, "HeatSourceChannel.get_learnable_parameters": {"executed_lines": [], "summary": {"covered_lines": 0, "num_statements": 0, "percent_covered": 100.0, "percent_covered_display": "100", "missing_lines": 0, "excluded_lines": 0, "percent_statements_covered": 100.0, "percent_statements_covered_display": "100"}, "missing_lines": [], "excluded_lines": [], "start_line": 243}, "HeatSourceChannel.get_state_parameters": {"executed_lines": [248], "summary": {"covered_lines": 1, "num_statements": 1, "percent_covered": 100.0, "percent_covered_display": "100", "missing_lines": 0, "excluded_lines": 0, "percent_statements_covered": 100.0, "percent_statements_covered_display": "100"}, "missing_lines": [], "excluded_lines": [], "start_line": 246}, "HeatSourceChannel.apply_gradient_update": {"executed_lines": [], "summary": {"covered_lines": 0, "num_statements": 0, "percent_covered": 100.0, "percent_covered_display": "100", "missing_lines": 0, "excluded_lines": 0, "percent_statements_covered": 100.0, "percent_statements_covered_display": "100"}, "missing_lines": [], "excluded_lines": [], "start_line": 251}, "HeatSourceChannel.record_learning": {"executed_lines": [258, 259, 265, 266, 269, 270, 271, 272, 273, 275, 276, 278], "summary": {"covered_lines": 12, "num_statements": 13, "percent_covered": 92.3076923076923, "percent_covered_display": "92", "missing_lines": 1, "excluded_lines": 0, "percent_statements_covered": 92.3076923076923, "percent_statements_covered_display": "92"}, "missing_lines": [267], "excluded_lines": [], "start_line": 256}, "HeatSourceChannel._learn_from_recent": {"executed_lines": [], "summary": {"covered_lines": 0, "num_statements": 0, "percent_covered": 100.0, "percent_covered_display": "100", "missing_lines": 0, "excluded_lines": 0, "percent_statements_covered": 100.0, "percent_statements_covered_display": "100"}, "missing_lines": [], "excluded_lines": [], "start_line": 288}, "HeatSourceChannel.predict_future_contribution": {"executed_lines": [303, 304, 305], "summary": {"covered_lines": 3, "num_statements": 3, "percent_covered": 100.0, "percent_covered_display": "100", "missing_lines": 0, "excluded_lines": 0, "percent_statements_covered": 100.0, "percent_statements_covered_display": "100"}, "missing_lines": [], "excluded_lines": [], "start_line": 295}, "HeatPumpChannel.__init__": {"executed_lines": [317, 318, 321, 324, 327, 330], "summary": {"covered_lines": 6, "num_statements": 6, "percent_covered": 100.0, "percent_covered_display": "100", "missing_lines": 0, "excluded_lines": 0, "percent_statements_covered": 100.0, "percent_statements_covered_display": "100"}, "missing_lines": [], "excluded_lines": [], "start_line": 316}, "HeatPumpChannel.estimate_heat_contribution": {"executed_lines": [333, 334, 335, 336, 337], "summary": {"covered_lines": 5, "num_statements": 5, "percent_covered": 100.0, "percent_covered_display": "100", "missing_lines": 0, "excluded_lines": 0, "percent_statements_covered": 100.0, "percent_statements_covered_display": "100"}, "missing_lines": [], "excluded_lines": [], "start_line": 332}, "HeatPumpChannel.estimate_decay_contribution": {"executed_lines": [], "summary": {"covered_lines": 0, "num_statements": 7, "percent_covered": 0.0, "percent_covered_display": "0", "missing_lines": 7, "excluded_lines": 0, "percent_statements_covered": 0.0, "percent_statements_covered_display": "0"}, "missing_lines": [342, 343, 344, 345, 346, 349, 350], "excluded_lines": [], "start_line": 339}, "HeatPumpChannel.get_learnable_parameters": {"executed_lines": [353], "summary": {"covered_lines": 1, "num_statements": 1, "percent_covered": 100.0, "percent_covered_display": "100", "missing_lines": 0, "excluded_lines": 0, "percent_statements_covered": 100.0, "percent_statements_covered_display": "100"}, "missing_lines": [], "excluded_lines": [], "start_line": 352}, "HeatPumpChannel.apply_gradient_update": {"executed_lines": [364, 365, 366, 371, 372, 373, 378, 379, 380, 385, 386, 387, 392, 393, 394], "summary": {"covered_lines": 15, "num_statements": 15, "percent_covered": 100.0, "percent_covered_display": "100", "missing_lines": 0, "excluded_lines": 0, "percent_statements_covered": 100.0, "percent_statements_covered_display": "100"}, "missing_lines": [], "excluded_lines": [], "start_line": 361}, "HeatPumpChannel._learn_from_recent": {"executed_lines": [401, 402, 403, 409, 410, 411, 412, 414, 419, 425, 432, 433], "summary": {"covered_lines": 12, "num_statements": 14, "percent_covered": 85.71428571428571, "percent_covered_display": "86", "missing_lines": 2, "excluded_lines": 0, "percent_statements_covered": 85.71428571428571, "percent_statements_covered_display": "86"}, "missing_lines": [404, 407], "excluded_lines": [], "start_line": 400}, "SolarChannel.__init__": {"executed_lines": [461, 462, 463, 466, 471], "summary": {"covered_lines": 5, "num_statements": 5, "percent_covered": 100.0, "percent_covered_display": "100", "missing_lines": 0, "excluded_lines": 0, "percent_statements_covered": 100.0, "percent_statements_covered_display": "100"}, "missing_lines": [], "excluded_lines": [], "start_line": 460}, "SolarChannel.estimate_heat_contribution": {"executed_lines": [476, 477, 478, 479], "summary": {"covered_lines": 4, "num_statements": 4, "percent_covered": 100.0, "percent_covered_display": "100", "missing_lines": 0, "excluded_lines": 0, "percent_statements_covered": 100.0, "percent_statements_covered_display": "100"}, "missing_lines": [], "excluded_lines": [], "start_line": 475}, "SolarChannel._cloud_factor": {"executed_lines": [483, 484, 485, 486, 489, 490], "summary": {"covered_lines": 6, "num_statements": 6, "percent_covered": 100.0, "percent_covered_display": "100", "missing_lines": 0, "excluded_lines": 0, "percent_statements_covered": 100.0, "percent_statements_covered_display": "100"}, "missing_lines": [], "excluded_lines": [], "start_line": 481}, "SolarChannel.estimate_decay_contribution": {"executed_lines": [499, 500, 501, 502, 503, 504, 505], "summary": {"covered_lines": 7, "num_statements": 7, "percent_covered": 100.0, "percent_covered_display": "100", "missing_lines": 0, "excluded_lines": 0, "percent_statements_covered": 100.0, "percent_statements_covered_display": "100"}, "missing_lines": [], "excluded_lines": [], "start_line": 495}, "SolarChannel.get_learnable_parameters": {"executed_lines": [510], "summary": {"covered_lines": 1, "num_statements": 1, "percent_covered": 100.0, "percent_covered_display": "100", "missing_lines": 0, "excluded_lines": 0, "percent_statements_covered": 100.0, "percent_statements_covered_display": "100"}, "missing_lines": [], "excluded_lines": [], "start_line": 509}, "SolarChannel.apply_gradient_update": {"executed_lines": [520, 521, 522, 527, 528, 529, 534, 535, 536, 541, 542, 543], "summary": {"covered_lines": 12, "num_statements": 12, "percent_covered": 100.0, "percent_covered_display": "100", "missing_lines": 0, "excluded_lines": 0, "percent_statements_covered": 100.0, "percent_statements_covered_display": "100"}, "missing_lines": [], "excluded_lines": [], "start_line": 517}, "SolarChannel.predict_future_contribution": {"executed_lines": [558, 559, 560, 561, 562, 564, 569, 570, 571, 572, 573, 578, 579, 585, 586, 587, 588, 589, 591, 592, 593, 594], "summary": {"covered_lines": 22, "num_statements": 25, "percent_covered": 88.0, "percent_covered_display": "88", "missing_lines": 3, "excluded_lines": 0, "percent_statements_covered": 88.0, "percent_statements_covered_display": "88"}, "missing_lines": [565, 566, 583], "excluded_lines": [], "start_line": 549}, "SolarChannel._learn_from_recent": {"executed_lines": [597, 598, 599, 600, 602, 603, 604, 608, 614, 615, 616, 617, 618, 619, 620, 621, 624, 626, 632, 636, 638, 641, 642, 645, 646], "summary": {"covered_lines": 25, "num_statements": 25, "percent_covered": 100.0, "percent_covered_display": "100", "missing_lines": 0, "excluded_lines": 0, "percent_statements_covered": 100.0, "percent_statements_covered_display": "100"}, "missing_lines": [], "excluded_lines": [], "start_line": 596}, "FireplaceChannel.__init__": {"executed_lines": [671, 672, 675, 678], "summary": {"covered_lines": 4, "num_statements": 4, "percent_covered": 100.0, "percent_covered_display": "100", "missing_lines": 0, "excluded_lines": 0, "percent_statements_covered": 100.0, "percent_statements_covered_display": "100"}, "missing_lines": [], "excluded_lines": [], "start_line": 670}, "FireplaceChannel.estimate_heat_contribution": {"executed_lines": [683, 684, 685, 686], "summary": {"covered_lines": 4, "num_statements": 4, "percent_covered": 100.0, "percent_covered_display": "100", "missing_lines": 0, "excluded_lines": 0, "percent_statements_covered": 100.0, "percent_statements_covered_display": "100"}, "missing_lines": [], "excluded_lines": [], "start_line": 682}, "FireplaceChannel.estimate_decay_contribution": {"executed_lines": [691, 692, 693], "summary": {"covered_lines": 3, "num_statements": 3, "percent_covered": 100.0, "percent_covered_display": "100", "missing_lines": 0, "excluded_lines": 0, "percent_statements_covered": 100.0, "percent_statements_covered_display": "100"}, "missing_lines": [], "excluded_lines": [], "start_line": 688}, "FireplaceChannel.get_learnable_parameters": {"executed_lines": [698], "summary": {"covered_lines": 1, "num_statements": 1, "percent_covered": 100.0, "percent_covered_display": "100", "missing_lines": 0, "excluded_lines": 0, "percent_statements_covered": 100.0, "percent_statements_covered_display": "100"}, "missing_lines": [], "excluded_lines": [], "start_line": 697}, "FireplaceChannel.get_state_parameters": {"executed_lines": [703], "summary": {"covered_lines": 1, "num_statements": 1, "percent_covered": 100.0, "percent_covered_display": "100", "missing_lines": 0, "excluded_lines": 0, "percent_statements_covered": 100.0, "percent_statements_covered_display": "100"}, "missing_lines": [], "excluded_lines": [], "start_line": 702}, "FireplaceChannel.apply_gradient_update": {"executed_lines": [712, 713, 714, 715, 718], "summary": {"covered_lines": 5, "num_statements": 8, "percent_covered": 62.5, "percent_covered_display": "62", "missing_lines": 3, "excluded_lines": 0, "percent_statements_covered": 62.5, "percent_statements_covered_display": "62"}, "missing_lines": [719, 720, 721], "excluded_lines": [], "start_line": 709}, "FireplaceChannel._learn_from_recent": {"executed_lines": [734, 735, 736, 738, 739, 740, 742, 743, 746, 749, 750], "summary": {"covered_lines": 11, "num_statements": 11, "percent_covered": 100.0, "percent_covered_display": "100", "missing_lines": 0, "excluded_lines": 0, "percent_statements_covered": 100.0, "percent_statements_covered_display": "100"}, "missing_lines": [], "excluded_lines": [], "start_line": 725}, "TVChannel.__init__": {"executed_lines": [766, 767], "summary": {"covered_lines": 2, "num_statements": 2, "percent_covered": 100.0, "percent_covered_display": "100", "missing_lines": 0, "excluded_lines": 0, "percent_statements_covered": 100.0, "percent_statements_covered_display": "100"}, "missing_lines": [], "excluded_lines": [], "start_line": 765}, "TVChannel.estimate_heat_contribution": {"executed_lines": [770, 771, 772, 773], "summary": {"covered_lines": 4, "num_statements": 4, "percent_covered": 100.0, "percent_covered_display": "100", "missing_lines": 0, "excluded_lines": 0, "percent_statements_covered": 100.0, "percent_statements_covered_display": "100"}, "missing_lines": [], "excluded_lines": [], "start_line": 769}, "TVChannel.estimate_decay_contribution": {"executed_lines": [], "summary": {"covered_lines": 0, "num_statements": 1, "percent_covered": 0.0, "percent_covered_display": "0", "missing_lines": 1, "excluded_lines": 0, "percent_statements_covered": 0.0, "percent_statements_covered_display": "0"}, "missing_lines": [778], "excluded_lines": [], "start_line": 775}, "TVChannel.get_learnable_parameters": {"executed_lines": [781], "summary": {"covered_lines": 1, "num_statements": 1, "percent_covered": 100.0, "percent_covered_display": "100", "missing_lines": 0, "excluded_lines": 0, "percent_statements_covered": 100.0, "percent_statements_covered_display": "100"}, "missing_lines": [], "excluded_lines": [], "start_line": 780}, "TVChannel.apply_gradient_update": {"executed_lines": [786, 787, 788, 789], "summary": {"covered_lines": 4, "num_statements": 4, "percent_covered": 100.0, "percent_covered_display": "100", "missing_lines": 0, "excluded_lines": 0, "percent_statements_covered": 100.0, "percent_statements_covered_display": "100"}, "missing_lines": [], "excluded_lines": [], "start_line": 783}, "TVChannel._learn_from_recent": {"executed_lines": [792, 793, 794, 795, 797, 798, 799], "summary": {"covered_lines": 7, "num_statements": 7, "percent_covered": 100.0, "percent_covered_display": "100", "missing_lines": 0, "excluded_lines": 0, "percent_statements_covered": 100.0, "percent_statements_covered_display": "100"}, "missing_lines": [], "excluded_lines": [], "start_line": 791}, "HeatSourceChannelOrchestrator.__init__": {"executed_lines": [816, 826, 827, 832, 833], "summary": {"covered_lines": 5, "num_statements": 5, "percent_covered": 100.0, "percent_covered_display": "100", "missing_lines": 0, "excluded_lines": 0, "percent_statements_covered": 100.0, "percent_statements_covered_display": "100"}, "missing_lines": [], "excluded_lines": [], "start_line": 815}, "HeatSourceChannelOrchestrator.sync_from_model_parameters": {"executed_lines": [837, 838, 839, 842, 845, 848, 851, 855, 856, 857, 860, 864, 865, 866, 869, 872, 876, 877, 878, 883, 886, 889], "summary": {"covered_lines": 22, "num_statements": 22, "percent_covered": 100.0, "percent_covered_display": "100", "missing_lines": 0, "excluded_lines": 0, "percent_statements_covered": 100.0, "percent_statements_covered_display": "100"}, "missing_lines": [], "excluded_lines": [], "start_line": 835}, "HeatSourceChannelOrchestrator.export_model_parameters": {"executed_lines": [895, 896, 897, 898, 899], "summary": {"covered_lines": 5, "num_statements": 5, "percent_covered": 100.0, "percent_covered_display": "100", "missing_lines": 0, "excluded_lines": 0, "percent_statements_covered": 100.0, "percent_statements_covered_display": "100"}, "missing_lines": [], "excluded_lines": [], "start_line": 893}, "HeatSourceChannelOrchestrator.total_heat": {"executed_lines": [917], "summary": {"covered_lines": 1, "num_statements": 1, "percent_covered": 100.0, "percent_covered_display": "100", "missing_lines": 0, "excluded_lines": 0, "percent_statements_covered": 100.0, "percent_statements_covered_display": "100"}, "missing_lines": [], "excluded_lines": [], "start_line": 915}, "HeatSourceChannelOrchestrator._get_active_contributions": {"executed_lines": [924, 925, 926, 927, 928, 929], "summary": {"covered_lines": 6, "num_statements": 6, "percent_covered": 100.0, "percent_covered_display": "100", "missing_lines": 0, "excluded_lines": 0, "percent_statements_covered": 100.0, "percent_statements_covered_display": "100"}, "missing_lines": [], "excluded_lines": [], "start_line": 922}, "HeatSourceChannelOrchestrator._build_learning_context": {"executed_lines": [948, 949, 952, 953, 954, 955, 958, 961], "summary": {"covered_lines": 8, "num_statements": 8, "percent_covered": 100.0, "percent_covered_display": "100", "missing_lines": 0, "excluded_lines": 0, "percent_statements_covered": 100.0, "percent_statements_covered_display": "100"}, "missing_lines": [], "excluded_lines": [], "start_line": 931}, "HeatSourceChannelOrchestrator._record_channel_learning": {"executed_lines": [974, 975, 976, 981, 983, 994], "summary": {"covered_lines": 6, "num_statements": 6, "percent_covered": 100.0, "percent_covered_display": "100", "missing_lines": 0, "excluded_lines": 0, "percent_statements_covered": 100.0, "percent_statements_covered_display": "100"}, "missing_lines": [], "excluded_lines": [], "start_line": 963}, "HeatSourceChannelOrchestrator._log_channel_parameter_updates": {"executed_lines": [1000, 1001, 1002, 1005, 1006, 1007, 1016], "summary": {"covered_lines": 7, "num_statements": 8, "percent_covered": 87.5, "percent_covered_display": "88", "missing_lines": 1, "excluded_lines": 0, "percent_statements_covered": 87.5, "percent_statements_covered_display": "88"}, "missing_lines": [1003], "excluded_lines": [], "start_line": 996}, "HeatSourceChannelOrchestrator.route_learning": {"executed_lines": [1040, 1041, 1042, 1043, 1044, 1050, 1051, 1052, 1053, 1055, 1056, 1057, 1058, 1059, 1060, 1061, 1062, 1064, 1074, 1075, 1076, 1077, 1079, 1080, 1081, 1082, 1083, 1084, 1088, 1098, 1099, 1100, 1102, 1103, 1107, 1108, 1109, 1111, 1112, 1116, 1117, 1118, 1121, 1123, 1124, 1126, 1127, 1137, 1138, 1145, 1154, 1155, 1158, 1160, 1161, 1162, 1163, 1172, 1173, 1182, 1192, 1197, 1198, 1201, 1203, 1204, 1205, 1206, 1207, 1208, 1209, 1213, 1222, 1223, 1225, 1228, 1265, 1266, 1271, 1272, 1273, 1281, 1291, 1292, 1295], "summary": {"covered_lines": 85, "num_statements": 100, "percent_covered": 85.0, "percent_covered_display": "85", "missing_lines": 15, "excluded_lines": 0, "percent_statements_covered": 85.0, "percent_statements_covered_display": "85"}, "missing_lines": [1085, 1086, 1183, 1214, 1215, 1216, 1226, 1229, 1230, 1231, 1238, 1248, 1258, 1259, 1263], "excluded_lines": [], "start_line": 1023}, "HeatSourceChannelOrchestrator._log_routing_summary": {"executed_lines": [1305, 1306, 1307, 1308, 1309, 1310, 1311, 1312], "summary": {"covered_lines": 8, "num_statements": 8, "percent_covered": 100.0, "percent_covered_display": "100", "missing_lines": 0, "excluded_lines": 0, "percent_statements_covered": 100.0, "percent_statements_covered_display": "100"}, "missing_lines": [], "excluded_lines": [], "start_line": 1297}, "HeatSourceChannelOrchestrator.predict_future_heat": {"executed_lines": [1331, 1332, 1333, 1334, 1337, 1338, 1339], "summary": {"covered_lines": 7, "num_statements": 7, "percent_covered": 100.0, "percent_covered_display": "100", "missing_lines": 0, "excluded_lines": 0, "percent_statements_covered": 100.0, "percent_statements_covered_display": "100"}, "missing_lines": [], "excluded_lines": [], "start_line": 1323}, "HeatSourceChannelOrchestrator.get_all_parameters": {"executed_lines": [1343], "summary": {"covered_lines": 1, "num_statements": 1, "percent_covered": 100.0, "percent_covered_display": "100", "missing_lines": 0, "excluded_lines": 0, "percent_statements_covered": 100.0, "percent_statements_covered_display": "100"}, "missing_lines": [], "excluded_lines": [], "start_line": 1341}, "HeatSourceChannelOrchestrator.get_channel_state": {"executed_lines": [1350, 1352, 1353, 1363, 1369], "summary": {"covered_lines": 5, "num_statements": 5, "percent_covered": 100.0, "percent_covered_display": "100", "missing_lines": 0, "excluded_lines": 0, "percent_statements_covered": 100.0, "percent_statements_covered_display": "100"}, "missing_lines": [], "excluded_lines": [], "start_line": 1348}, "HeatSourceChannelOrchestrator.load_channel_state": {"executed_lines": [1394, 1395, 1396, 1397, 1400, 1405, 1406, 1407, 1408, 1410, 1412, 1414, 1415, 1416, 1417, 1418, 1419, 1421, 1422, 1423, 1428, 1429, 1430, 1431, 1432], "summary": {"covered_lines": 25, "num_statements": 26, "percent_covered": 96.15384615384616, "percent_covered_display": "96", "missing_lines": 1, "excluded_lines": 0, "percent_statements_covered": 96.15384615384616, "percent_statements_covered_display": "96"}, "missing_lines": [1398], "excluded_lines": [], "start_line": 1383}, "HeatSourceChannelOrchestrator.attribute_error": {"executed_lines": [1443, 1445, 1446, 1449], "summary": {"covered_lines": 4, "num_statements": 5, "percent_covered": 80.0, "percent_covered_display": "80", "missing_lines": 1, "excluded_lines": 0, "percent_statements_covered": 80.0, "percent_statements_covered_display": "80"}, "missing_lines": [1447], "excluded_lines": [], "start_line": 1434}, "": {"executed_lines": [20, 21, 22, 23, 25, 26, 30, 31, 35, 36, 40, 41, 45, 48, 53, 58, 63, 71, 82, 94, 98, 102, 111, 121, 140, 148, 172, 201, 206, 216, 227, 232, 233, 236, 237, 242, 243, 246, 250, 251, 256, 288, 295, 308, 316, 332, 339, 352, 361, 400, 446, 456, 460, 475, 481, 495, 509, 517, 549, 596, 658, 670, 682, 688, 697, 702, 709, 725, 758, 765, 769, 775, 780, 783, 791, 806, 815, 835, 893, 915, 922, 931, 963, 996, 1023, 1297, 1323, 1341, 1348, 1373, 1383, 1434], "summary": {"covered_lines": 92, "num_statements": 100, "percent_covered": 92.0, "percent_covered_display": "92", "missing_lines": 8, "excluded_lines": 0, "percent_statements_covered": 92.0, 
[...]
458, 459, 461, 479, 481, 482, 483, 484, 487, 488, 489, 490, 491, 495, 499, 501, 503, 504, 507, 508, 510, 511, 513, 514, 515, 516, 527, 530, 533, 534, 535, 538, 545], "summary": {"covered_lines": 161, "num_statements": 196, "percent_covered": 82.14285714285714, "percent_covered_display": "82", "missing_lines": 35, "excluded_lines": 0, "percent_statements_covered": 82.14285714285714, "percent_statements_covered_display": "82"}, "missing_lines": [26, 27, 28, 171, 172, 175, 176, 177, 178, 179, 196, 197, 207, 208, 209, 245, 247, 249, 251, 383, 384, 385, 386, 493, 505, 506, 518, 519, 520, 540, 541, 542, 547, 548, 549], "excluded_lines": [], "functions": {"CoolingThermalStateManager.__init__": {"executed_lines": [48, 49, 51, 52, 54], "summary": {"covered_lines": 5, "num_statements": 5, "percent_covered": 100.0, "percent_covered_display": "100", "missing_lines": 0, "excluded_lines": 0, "percent_statements_covered": 100.0, "percent_statements_covered_display": "100"}, "missing_lines": [], "excluded_lines": [], "start_line": 47}, "CoolingThermalStateManager._get_default_state": {"executed_lines": [62, 63, 64], "summary": {"covered_lines": 3, "num_statements": 3, "percent_covered": 100.0, "percent_covered_display": "100", "missing_lines": 0, "excluded_lines": 0, "percent_statements_covered": 100.0, "percent_statements_covered_display": "100"}, "missing_lines": [], "excluded_lines": [], "start_line": 60}, "CoolingThermalStateManager.load_state": {"executed_lines": [156, 157, 158, 160, 161, 164, 166, 169], "summary": {"covered_lines": 8, "num_statements": 15, "percent_covered": 53.333333333333336, "percent_covered_display": "53", "missing_lines": 7, "excluded_lines": 0, "percent_statements_covered": 53.333333333333336, "percent_statements_covered_display": "53"}, "missing_lines": [171, 172, 175, 176, 177, 178, 179], "excluded_lines": [], "start_line": 154}, "CoolingThermalStateManager.save_state": {"executed_lines": [183, 184, 185, 186, 188, 189, 190, 193, 194, 195, 198, 199, 201, 202, 205], "summary": {"covered_lines": 15, "num_statements": 20, "percent_covered": 75.0, "percent_covered_display": "75", "missing_lines": 5, "excluded_lines": 0, "percent_statements_covered": 75.0, "percent_statements_covered_display": "75"}, "missing_lines": [196, 197, 207, 208, 209], "excluded_lines": [], "start_line": 181}, "CoolingThermalStateManager._merge_with_defaults": {"executed_lines": [217, 219, 232], "summary": {"covered_lines": 3, "num_statements": 3, "percent_covered": 100.0, "percent_covered_display": "100", "missing_lines": 0, "excluded_lines": 0, "percent_statements_covered": 100.0, "percent_statements_covered_display": "100"}, "missing_lines": [], "excluded_lines": [], "start_line": 215}, "CoolingThermalStateManager._merge_with_defaults.merge_dict": {"executed_lines": [220, 221, 222, 225, 227, 229, 230], "summary": {"covered_lines": 7, "num_statements": 7, "percent_covered": 100.0, "percent_covered_display": "100", "missing_lines": 0, "excluded_lines": 0, "percent_statements_covered": 100.0, "percent_statements_covered_display": "100"}, "missing_lines": [], "excluded_lines": [], "start_line": 219}, "CoolingThermalStateManager._convert_numpy_types": {"executed_lines": [240, 241, 242, 243, 244, 246, 248, 250, 252], "summary": {"covered_lines": 9, "num_statements": 13, "percent_covered": 69.23076923076923, "percent_covered_display": "69", "missing_lines": 4, "excluded_lines": 0, "percent_statements_covered": 69.23076923076923, "percent_statements_covered_display": "69"}, "missing_lines": [245, 247, 249, 251], "excluded_lines": [], "start_line": 238}, "CoolingThermalStateManager.set_calibrated_baseline": {"executed_lines": [262, 264, 279, 280, 282, 283, 284, 287, 288, 289, 291, 295], "summary": {"covered_lines": 12, "num_statements": 12, "percent_covered": 100.0, "percent_covered_display": "100", "missing_lines": 0, "excluded_lines": 0, "percent_statements_covered": 100.0, "percent_statements_covered_display": "100"}, "missing_lines": [], "excluded_lines": [], "start_line": 258}, "CoolingThermalStateManager.get_current_parameters": {"executed_lines": [299], "summary": {"covered_lines": 1, "num_statements": 1, "percent_covered": 100.0, "percent_covered_display": "100", "missing_lines": 0, "excluded_lines": 0, "percent_statements_covered": 100.0, "percent_statements_covered_display": "100"}, "missing_lines": [], "excluded_lines": [], "start_line": 297}, "CoolingThermalStateManager.get_computed_parameters": {"executed_lines": [303, 304, 305, 307], "summary": {"covered_lines": 4, "num_statements": 4, "percent_covered": 100.0, "percent_covered_display": "100", "missing_lines": 0, "excluded_lines": 0, "percent_statements_covered": 100.0, "percent_statements_covered_display": "100"}, "missing_lines": [], "excluded_lines": [], "start_line": 301}, "CoolingThermalStateManager.update_learning_state": {"executed_lines": [361, 363, 364, 365, 366, 367, 368, 369, 371], "summary": {"covered_lines": 9, "num_statements": 9, "percent_covered": 100.0, "percent_covered_display": "100", "missing_lines": 0, "excluded_lines": 0, "percent_statements_covered": 100.0, "percent_statements_covered_display": "100"}, "missing_lines": [], "excluded_lines": [], "start_line": 354}, "CoolingThermalStateManager.add_prediction_record": {"executed_lines": [375, 376, 377, 378, 379], "summary": {"covered_lines": 5, "num_statements": 5, "percent_covered": 100.0, "percent_covered_display": "100", "missing_lines": 0, "excluded_lines": 0, "percent_statements_covered": 100.0, "percent_statements_covered_display": "100"}, "missing_lines": [], "excluded_lines": [], "start_line": 373}, "CoolingThermalStateManager.add_parameter_history_record": {"executed_lines": [], "summary": {"covered_lines": 0, "num_statements": 4, "percent_covered": 0.0, "percent_covered_display": "0", "missing_lines": 4, "excluded_lines": 0, "percent_statements_covered": 0.0, "percent_statements_covered_display": "0"}, "missing_lines": [383, 384, 385, 386], "excluded_lines": [], "start_line": 381}, "CoolingThermalStateManager.get_heat_source_channel_state": {"executed_lines": [390], "summary": {"covered_lines": 1, "num_statements": 1, "percent_covered": 100.0, "percent_covered_display": "100", "missing_lines": 0, "excluded_lines": 0, "percent_statements_covered": 100.0, "percent_statements_covered_display": "100"}, "missing_lines": [], "excluded_lines": [], "start_line": 388}, "CoolingThermalStateManager.set_heat_source_channel_state": {"executed_lines": [398, 401], "summary": {"covered_lines": 2, "num_statements": 2, "percent_covered": 100.0, "percent_covered_display": "100", "missing_lines": 0, "excluded_lines": 0, "percent_statements_covered": 100.0, "percent_statements_covered_display": "100"}, "missing_lines": [], "excluded_lines": [], "start_line": 394}, "CoolingThermalStateManager.save_buffer_snapshot": {"executed_lines": [416, 417, 420], "summary": {"covered_lines": 3, "num_statements": 3, "percent_covered": 100.0, "percent_covered_display": "100", "missing_lines": 0, "excluded_lines": 0, "percent_statements_covered": 100.0, "percent_statements_covered_display": "100"}, "missing_lines": [], "excluded_lines": [], "start_line": 407}, "CoolingThermalStateManager.get_buffer_snapshot": {"executed_lines": [426], "summary": {"covered_lines": 1, "num_statements": 1, "percent_covered": 100.0, "percent_covered_display": "100", "missing_lines": 0, "excluded_lines": 0, "percent_statements_covered": 100.0, "percent_statements_covered_display": "100"}, "missing_lines": [], "excluded_lines": [], "start_line": 422}, "CoolingThermalStateManager.update_operational_state": {"executed_lines": [436, 437, 438, 439, 440], "summary": {"covered_lines": 5, "num_statements": 5, "percent_covered": 100.0, "percent_covered_display": "100", "missing_lines": 0, "excluded_lines": 0, "percent_statements_covered": 100.0, "percent_statements_covered_display": "100"}, "missing_lines": [], "excluded_lines": [], "start_line": 434}, "CoolingThermalStateManager.get_operational_state": {"executed_lines": [444], "summary": {"covered_lines": 1, "num_statements": 1, "percent_covered": 100.0, "percent_covered_display": "100", "missing_lines": 0, "excluded_lines": 0, "percent_statements_covered": 100.0, "percent_statements_covered_display": "100"}, "missing_lines": [], "excluded_lines": [], "start_line": 442}, "CoolingThermalStateManager.set_calibration_mode": {"executed_lines": [448, 449], "summary": {"covered_lines": 2, "num_statements": 2, "percent_covered": 100.0, "percent_covered_display": "100", "missing_lines": 0, "excluded_lines": 0, "percent_statements_covered": 100.0, "percent_statements_covered_display": "100"}, "missing_lines": [], "excluded_lines": [], "start_line": 446}, "CoolingThermalStateManager.get_learning_metrics": {"executed_lines": [457, 458, 459, 461], "summary": {"covered_lines": 4, "num_statements": 4, "percent_covered": 100.0, "percent_covered_display": "100", "missing_lines": 0, "excluded_lines": 0, "percent_statements_covered": 100.0, "percent_statements_covered_display": "100"}, "missing_lines": [], "excluded_lines": [], "start_line": 455}, "CoolingThermalStateManager.reset_learning_state": {"executed_lines": [481, 482, 483, 484, 487, 488, 489, 490, 491, 495, 499], "summary": {"covered_lines": 11, "num_statements": 12, "percent_covered": 91.66666666666667, "percent_covered_display": "92", "missing_lines": 1, "excluded_lines": 0, "percent_statements_covered": 91.66666666666667, "percent_statements_covered_display": "92"}, "missing_lines": [493], "excluded_lines": [], "start_line": 479}, "CoolingThermalStateManager.create_backup": {"executed_lines": [503, 504, 507, 508, 510, 511, 513, 514, 515, 516], "summary": {"covered_lines": 10, "num_statements": 15, "percent_covered": 66.66666666666667, "percent_covered_display": "67", "missing_lines": 5, "excluded_lines": 0, "percent_statements_covered": 66.66666666666667, "percent_statements_covered_display": "67"}, "missing_lines": [505, 506, 518, 519, 520], "excluded_lines": [], "start_line": 501}, "get_cooling_state_manager": {"executed_lines": [533, 534, 535], "summary": {"covered_lines": 3, "num_statements": 3, "percent_covered": 100.0, "percent_covered_display": "100", "missing_lines": 0, "excluded_lines": 0, "percent_statements_covered": 100.0, "percent_statements_covered_display": "100"}, "missing_lines": [], "excluded_lines": [], "start_line": 530}, "save_cooling_state": {"executed_lines": [], "summary": {"covered_lines": 0, "num_statements": 3, "percent_covered": 0.0, "percent_covered_display": "0", "missing_lines": 3, "excluded_lines": 0, "percent_statements_covered": 0.0, "percent_statements_covered_display": "0"}, "missing_lines": [540, 541, 542], "excluded_lines": [], "start_line": 538}, "load_cooling_state": {"executed_lines": [], "summary": {"covered_lines": 0, "num_statements": 3, "percent_covered": 0.0, "percent_covered_display": "0", "missing_lines": 3, "excluded_lines": 0, "percent_statements_covered": 0.0, "percent_statements_covered_display": "0"}, "missing_lines": [547, 548, 549], "excluded_lines": [], "start_line": 545}, "": {"executed_lines": [15, 16, 17, 18, 19, 20, 21, 23, 24, 25, 31, 47, 60, 154, 181, 215, 238, 258, 297, 301, 354, 373, 381, 388, 394, 407, 422, 434, 442, 446, 455, 479, 501, 527, 530, 538, 545], "summary": {"covered_lines": 37, "num_statements": 40, "percent_covered": 92.5, "percent_covered_display": "92", "missing_lines": 3, "excluded_lines": 0, "percent_statements_covered": 92.5, "percent_statements_covered_display": "92"}, "missing_lines": [26, 27, 28], "excluded_lines": [], "start_line": 1}}, "classes": {"CoolingThermalStateManager": {"executed_lines": [48, 49, 51, 52, 54, 62, 63, 64, 156, 157, 158, 160, 161, 164, 166, 169, 183, 184, 185, 186, 188, 189, 190, 193, 194, 195, 198, 199, 201, 202, 205, 217, 219, 220, 221, 222, 225, 227, 229, 230, 232, 240, 241, 242, 243, 244, 246, 248, 250, 252, 262, 264, 279, 280, 282, 283, 284, 287, 288, 289, 291, 295, 299, 303, 304, 305, 307, 361, 363, 364, 365, 366, 367, 368, 369, 371, 375, 376, 377, 378, 379, 390, 398, 401, 416, 417, 420, 426, 436, 437, 438, 439, 440, 444, 448, 449, 457, 458, 459, 461, 481, 482, 483, 484, 487, 488, 489, 490, 491, 495, 499, 503, 504, 507, 508, 510, 511, 513, 514, 515, 516], "summary": {"covered_lines": 121, "num_statements": 147, "percent_covered": 82.31292517006803, "percent_covered_display": "82", "missing_lines": 26, "excluded_lines": 0, "percent_statements_covered": 82.31292517006803, "percent_statements_covered_display": "82"}, "missing_lines": [171, 172, 175, 176, 177, 178, 179, 196, 197, 207, 208, 209, 245, 247, 249, 251, 383, 384, 385, 386, 493, 505, 506, 518, 519, 520], "excluded_lines": [], "start_line": 31}, "": {"executed_lines": [15, 16, 17, 18, 19, 20, 21, 23, 24, 25, 31, 47, 60, 154, 181, 215, 238, 258, 297, 301, 354, 373, 381, 388, 394, 407, 422, 434, 442, 446, 455, 479, 501, 527, 530, 533, 534, 535, 538, 545], "summary": {"covered_lines": 40, "num_statements": 49, "percent_covered": 81.63265306122449, "percent_covered_display": "82", "missing_lines": 9, "excluded_lines": 0, "percent_statements_covered": 81.63265306122449, "percent_statements_covered_display": "82"}, "missing_lines": [26, 27, 28, 540, 541, 542, 547, 548, 549], "excluded_lines": [], "start_line": 1}}}, "src/utils_metrics.py": {"executed_lines": [15, 16, 18, 19, 20, 21, 23, 25, 26, 27, 28, 29, 31, 33, 34, 35, 36, 37, 39, 48, 49, 50, 51, 53, 54, 55, 56, 57, 59, 61, 62, 63, 64, 65, 67, 69, 70, 71, 73, 76, 77, 78, 79, 80, 81, 82, 83, 87, 88, 90, 91, 92, 93, 95, 97, 98, 99, 101, 103, 104, 105, 106, 107, 108, 109, 110, 114, 115, 117, 118, 119, 120, 121], "summary": {"covered_lines": 73, "num_statements": 78, "percent_covered": 93.58974358974359, "percent_covered_display": "94", "missing_lines": 5, "excluded_lines": 0, "percent_statements_covered": 93.58974358974359, "percent_statements_covered_display": "94"}, "missing_lines": [52, 84, 85, 111, 112], "excluded_lines": [], "functions": {"_to_np": {"executed_lines": [19, 20, 21], "summary": {"covered_lines": 3, "num_statements": 3, "percent_covered": 100.0, "percent_covered_display": "100", "missing_lines": 0, "excluded_lines": 0, "percent_statements_covered": 100.0, "percent_statements_covered_display": "100"}, "missing_lines": [], "excluded_lines": [], "start_line": 18}, "mae": {"executed_lines": [25, 26, 27, 28, 29], "summary": {"covered_lines": 5, "num_statements": 5, "percent_covered": 100.0, "percent_covered_display": "100", "missing_lines": 0, "excluded_lines": 0, "percent_statements_covered": 100.0, "percent_statements_covered_display": "100"}, "missing_lines": [], "excluded_lines": [], "start_line": 23}, "rmse": {"executed_lines": [33, 34, 35, 36, 37], "summary": {"covered_lines": 5, "num_statements": 5, "percent_covered": 100.0, "percent_covered_display": "100", "missing_lines": 0, "excluded_lines": 0, "percent_statements_covered": 100.0, "percent_statements_covered_display": "100"}, "missing_lines": [], "excluded_lines": [], "start_line": 31}, "rolling_sigma": {"executed_lines": [48, 49, 50, 51, 53, 54, 55, 56, 57], "summary": {"covered_lines": 9, "num_statements": 10, "percent_covered": 90.0, "percent_covered_display": "90", "missing_lines": 1, "excluded_lines": 0, "percent_statements_covered": 90.0, "percent_statements_covered_display": "90"}, "missing_lines": [52], "excluded_lines": [], "start_line": 39}, "confidence_from_sigma": {"executed_lines": [61, 62, 63, 64, 65], "summary": {"covered_lines": 5, "num_statements": 5, "percent_covered": 100.0, "percent_covered_display": "100", "missing_lines": 0, "excluded_lines": 0, "percent_statements_covered": 100.0, "percent_statements_covered_display": "100"}, "missing_lines": [], "excluded_lines": [], "start_line": 59}, "MAE.__init__": {"executed_lines": [70, 71], "summary": {"covered_lines": 2, "num_statements": 2, "percent_covered": 100.0, "percent_covered_display": "100", "missing_lines": 0, "excluded_lines": 0, "percent_statements_covered": 100.0, "percent_statements_covered_display": "100"}, "missing_lines": [], "excluded_lines": [], "start_line": 69}, "MAE.update": {"executed_lines": [76, 77, 78, 79, 80, 81, 82, 83, 87, 88], "summary": {"covered_lines": 10, "num_statements": 12, "percent_covered": 83.33333333333333, "percent_covered_display": "83", "missing_lines": 2, "excluded_lines": 0, "percent_statements_covered": 83.33333333333333, "percent_statements_covered_display": "83"}, "missing_lines": [84, 85], "excluded_lines": [], "start_line": 73}, "MAE.get": {"executed_lines": [91, 92, 93], "summary": {"covered_lines": 3, "num_statements": 3, "percent_covered": 100.0, "percent_covered_display": "100", "missing_lines": 0, "excluded_lines": 0, "percent_statements_covered": 100.0, "percent_statements_covered_display": "100"}, "missing_lines": [], "excluded_lines": [], "start_line": 90}, "RMSE.__init__": {"executed_lines": [98, 99], "summary": {"covered_lines": 2, "num_statements": 2, "percent_covered": 100.0, "percent_covered_display": "100", "missing_lines": 0, "excluded_lines": 0, "percent_statements_covered": 100.0, "percent_statements_covered_display": "100"}, "missing_lines": [], "excluded_lines": [], "start_line": 97}, "RMSE.update": {"executed_lines": [103, 104, 105, 106, 107, 108, 109, 110, 114, 115], "summary": {"covered_lines": 10, "num_statements": 12, "percent_covered": 83.33333333333333, "percent_covered_display": "83", "missing_lines": 2, "excluded_lines": 0, "percent_statements_covered": 83.33333333333333, "percent_statements_covered_display": "83"}, "missing_lines": [111, 112], "excluded_lines": [], "start_line": 101}, "RMSE.get": {"executed_lines": [118, 119, 120, 121], "summary": {"covered_lines": 4, "num_statements": 4, "percent_covered": 100.0, "percent_covered_display": "100", "missing_lines": 0, "excluded_lines": 0, "percent_statements_covered": 100.0, "percent_statements_covered_display": "100"}, "missing_lines": [], "excluded_lines": [], "start_line": 117}, "": {"executed_lines": [15, 16, 18, 23, 31, 39, 59, 67, 69, 73, 90, 95, 97, 101, 117], "summary": {"covered_lines": 15, "num_statements": 15, "percent_covered": 100.0, "percent_covered_display": "100", "missing_lines": 0, "excluded_lines": 0, "percent_statements_covered": 100.0, "percent_statements_covered_display": "100"}, "missing_lines": [], "excluded_lines": [], "start_line": 1}}, "classes": {"MAE": {"executed_lines": [70, 71, 76, 77, 78, 79, 80, 81, 82, 83, 87, 88, 91, 92, 93], "summary": {"covered_lines": 15, "num_statements": 17, "percent_covered": 88.23529411764706, "percent_covered_display": "88", "missing_lines": 2, "excluded_lines": 0, "percent_statements_covered": 88.23529411764706, "percent_statements_covered_display": "88"}, "missing_lines": [84, 85], "excluded_lines": [], "start_line": 67}, "RMSE": {"executed_lines": [98, 99, 103, 104, 105, 106, 107, 108, 109, 110, 114, 115, 118, 119, 120, 121], "summary": {"covered_lines": 16, "num_statements": 18, "percent_covered": 88.88888888888889, "percent_covered_display": "89", "missing_lines": 2, "excluded_lines": 0, "percent_statements_covered": 88.88888888888889, "percent_statements_covered_display": "89"}, "missing_lines": [111, 112], "excluded_lines": [], "start_line": 95}, "": {"executed_lines": [15, 16, 18, 19, 20, 21, 23, 25, 26, 27, 28, 29, 31, 33, 34, 35, 36, 37, 39, 48, 49, 50, 51, 53, 54, 55, 56, 57, 59, 61, 62, 63, 64, 65, 67, 69, 73, 90, 95, 97, 101, 117], "summary": {"covered_lines": 42, "num_statements": 43, "percent_covered": 97.67441860465117, "percent_covered_display": "98", "missing_lines": 1, "excluded_lines": 0, "percent_statements_covered": 97.67441860465117, "percent_statements_covered_display": "98"}, "missing_lines": [52], "excluded_lines": [], "start_line": 1}}}}, "totals": {"covered_lines": 6494, "num_statements": 8718, "percent_covered": 74.48956182610691, "percent_covered_display": "74", "missing_lines": 2224, "excluded_lines": 2, "percent_statements_covered": 74.48956182610691, "percent_statements_covered_display": "74"}}